#
# A fatal error has been detected by the Java Runtime Environment:
#
#  EXCEPTION_ACCESS_VIOLATION (0xc0000005) at pc=0x00007ffc9225cbe8, pid=11360, tid=12832
#
# JRE version: OpenJDK Runtime Environment Temurin-17.0.8.1+1 (17.0.8.1+1) (build 17.0.8.1+1)
# Java VM: OpenJDK 64-Bit Server VM Temurin-17.0.8.1+1 (17.0.8.1+1, mixed mode, tiered, compressed oops, compressed class ptrs, g1 gc, windows-amd64)
# Problematic frame:
# C  [nvoglv64.dll+0x193cbe8]
#
# No core dump will be written. Minidumps are not enabled by default on client versions of Windows
#
# If you would like to submit a bug report, please visit:
#   https://github.com/adoptium/adoptium-support/issues
# The crash happened outside the Java Virtual Machine in native code.
# See problematic frame for where to report the bug.
#

---------------  S U M M A R Y ------------

Command Line: -XX:+ShowCodeDetailsInExceptionMessages -agentlib:jdwp=transport=dt_socket,suspend=y,address=localhost:56813 -javaagent:C:\Users\zalan\eclipse\java-2023-09\eclipse\configuration\org.eclipse.osgi\252\0\.cp\lib\javaagent-shaded.jar -Dfile.encoding=UTF-8 -Dstdout.encoding=UTF-8 -Dstderr.encoding=UTF-8 lwjgl.FirstProject

Host: AMD Ryzen 7 1700 Eight-Core Processor          , 16 cores, 15G,  Windows 10 , 64 bit Build 19041 (10.0.19041.3570)
Time: Mon Oct 23 22:35:09 2023 Eastern Daylight Time elapsed time: 1.191426 seconds (0d 0h 0m 1s)

---------------  T H R E A D  ---------------

Current thread (0x0000022ff7f14bf0):  JavaThread "main" [_thread_in_native, id=12832, stack(0x000000ad02900000,0x000000ad02a00000)]

Stack: [0x000000ad02900000,0x000000ad02a00000],  sp=0x000000ad029ff288,  free space=1020k
Native frames: (J=compiled Java code, j=interpreted, Vv=VM code, C=native code)
C  [nvoglv64.dll+0x193cbe8]

Java frames: (J=compiled Java code, j=interpreted, Vv=VM code)
j  org.lwjgl.opengl.GL15C.nglBufferData(IJJI)V+0
j  org.lwjgl.opengl.GL15C.glBufferData(ILjava/nio/FloatBuffer;I)V+15
j  org.lwjgl.opengl.GL15.glBufferData(ILjava/nio/FloatBuffer;I)V+3
j  lwjgl.VertexBuffer.init(Ljava/nio/FloatBuffer;)V+16
j  lwjgl.VertexBuffer.<init>([F)V+11
j  lwjgl.FirstProject.main([Ljava/lang/String;)V+218
v  ~StubRoutines::call_stub

siginfo: EXCEPTION_ACCESS_VIOLATION (0xc0000005), reading address 0x0000000000000010


Register to memory mapping:

RIP=0x00007ffc9225cbe8 nvoglv64.dll
RAX=0x0000022f9d2f97cc points into unknown readable memory: 00 00 00 00
RBX=0x0000000000000010 is an unknown value
RCX=0x00007ffc9225cbe8 nvoglv64.dll
RDX=0x0000000000000010 is an unknown value
RSP=0x000000ad029ff288 is pointing into the stack for thread: 0x0000022ff7f14bf0
RBP=0x0000000000000020 is an unknown value
RSI=0x0000022f9d2f97cc points into unknown readable memory: 00 00 00 00
RDI=0x0000000000000004 is an unknown value
R8 =0x0000000000000004 is an unknown value
R9 =0x00007ffc90920000 nvoglv64.dll
R10=0x0000000000000010 is an unknown value
R11=0x0000022f9d2f97cc points into unknown readable memory: 00 00 00 00
R12=0x0000000000008892 is an unknown value
R13=0x0000000000000020 is an unknown value
R14=0x0000000000030022 is an unknown value
R15=0x00000000000088e4 is an unknown value


Registers:
RAX=0x0000022f9d2f97cc, RBX=0x0000000000000010, RCX=0x00007ffc9225cbe8, RDX=0x0000000000000010
RSP=0x000000ad029ff288, RBP=0x0000000000000020, RSI=0x0000022f9d2f97cc, RDI=0x0000000000000004
R8 =0x0000000000000004, R9 =0x00007ffc90920000, R10=0x0000000000000010, R11=0x0000022f9d2f97cc
R12=0x0000000000008892, R13=0x0000000000000020, R14=0x0000000000030022, R15=0x00000000000088e4
RIP=0x00007ffc9225cbe8, EFLAGS=0x0000000000010206

Top of Stack: (sp=0x000000ad029ff288)
0x000000ad029ff288:   00007ffc91dfc9a2 0000022ff7f14bf0
0x000000ad029ff298:   000000ad029ff428 000000ad029ff428
0x000000ad029ff2a8:   00000000000088e4 0000000000076a2c
0x000000ad029ff2b8:   00007ffc91813117 0000000000000020
0x000000ad029ff2c8:   0000022f9e88e080 0000000000000010
0x000000ad029ff2d8:   0000000000008892 0000022ff7f14bf0
0x000000ad029ff2e8:   00007ffca7467fde 0000022f00000001
0x000000ad029ff2f8:   0000000000000000 0000000000000000
0x000000ad029ff308:   0000022f9d2f97cc 0000022ff7f14bf0
0x000000ad029ff318:   000000ad029ff428 0000022f98c75220
0x000000ad029ff328:   0000000000000000 0000000000000120
0x000000ad029ff338:   0000022f87461366 0000022f98c75220
0x000000ad029ff348:   000000ad029ff3e0 0000000000000010
0x000000ad029ff358:   0000022f98981cb0 0000000000000010
0x000000ad029ff368:   0000022f000088e4 0000022f98c75220
0x000000ad029ff378:   0000000000000010 000000ad029ff398 

Instructions: (pc=0x00007ffc9225cbe8)
0x00007ffc9225cae8:   cc cc cc cc cc cc cc cc cc cc cc cc cc cc 66 66
0x00007ffc9225caf8:   0f 1f 84 00 00 00 00 00 57 56 49 8b c3 48 8b f9
0x00007ffc9225cb08:   49 8b c8 49 8b f2 f3 a4 5e 5f c3 cc cc cc cc cc
0x00007ffc9225cb18:   cc 0f 1f 80 00 00 00 00 4c 8b d9 4c 8b d2 49 83
0x00007ffc9225cb28:   f8 10 76 54 49 83 f8 20 76 2e 48 2b d1 73 0d 4b
0x00007ffc9225cb38:   8d 04 10 48 3b c8 0f 82 dc 02 00 00 49 81 f8 80
0x00007ffc9225cb48:   00 00 00 0f 86 0f 02 00 00 f6 05 78 80 75 02 02
0x00007ffc9225cb58:   0f 84 52 01 00 00 eb a0 0f 10 02 42 0f 10 4c 02
0x00007ffc9225cb68:   f0 0f 11 01 42 0f 11 4c 01 f0 48 8b c1 c3 66 66
0x00007ffc9225cb78:   0f 1f 84 00 00 00 00 00 48 8b c1 4c 8d 0d 76 34
0x00007ffc9225cb88:   6c fe 43 8b 8c 81 10 9a 22 04 49 03 c9 ff e1 66
0x00007ffc9225cb98:   0f 1f 84 00 00 00 00 00 c3 0f b7 0a 66 89 08 c3
0x00007ffc9225cba8:   48 8b 0a 48 89 08 c3 0f b7 0a 44 0f b6 42 02 66
0x00007ffc9225cbb8:   89 08 44 88 40 02 c3 0f b6 0a 88 08 c3 f3 0f 6f
0x00007ffc9225cbc8:   02 f3 0f 7f 00 c3 66 90 4c 8b 02 0f b7 4a 08 44
0x00007ffc9225cbd8:   0f b6 4a 0a 4c 89 00 66 89 48 08 44 88 48 0a c3
0x00007ffc9225cbe8:   8b 0a 89 08 c3 0f 1f 00 8b 0a 44 0f b6 42 04 89
0x00007ffc9225cbf8:   08 44 88 40 04 c3 66 90 8b 0a 44 0f b7 42 04 89
0x00007ffc9225cc08:   08 66 44 89 40 04 c3 90 8b 0a 44 0f b7 42 04 44
0x00007ffc9225cc18:   0f b6 4a 06 89 08 66 44 89 40 04 44 88 48 06 c3
0x00007ffc9225cc28:   4c 8b 02 8b 4a 08 44 0f b6 4a 0c 4c 89 00 89 48
0x00007ffc9225cc38:   08 44 88 48 0c c3 66 90 4c 8b 02 0f b6 4a 08 4c
0x00007ffc9225cc48:   89 00 88 48 08 c3 66 90 4c 8b 02 0f b7 4a 08 4c
0x00007ffc9225cc58:   89 00 66 89 48 08 c3 90 4c 8b 02 8b 4a 08 4c 89
0x00007ffc9225cc68:   00 89 48 08 c3 0f 1f 00 4c 8b 02 8b 4a 08 44 0f
0x00007ffc9225cc78:   b7 4a 0c 4c 89 00 89 48 08 66 44 89 48 0c c3 66
0x00007ffc9225cc88:   0f 1f 84 00 00 00 00 00 4c 8b 02 8b 4a 08 44 0f
0x00007ffc9225cc98:   b7 4a 0c 44 0f b6 52 0e 4c 89 00 89 48 08 66 44
0x00007ffc9225cca8:   89 48 0c 44 88 50 0e c3 0f 10 04 11 4c 03 c1 48
0x00007ffc9225ccb8:   83 c1 10 41 f6 c3 0f 74 13 0f 28 c8 48 83 e1 f0
0x00007ffc9225ccc8:   0f 10 04 11 48 83 c1 10 41 0f 11 0b 4c 2b c1 4d
0x00007ffc9225ccd8:   8b c8 49 c1 e9 07 0f 84 88 00 00 00 0f 29 41 f0 


Stack slot to memory mapping:
stack at sp + 0 slots: 0x00007ffc91dfc9a2 nvoglv64.dll
stack at sp + 1 slots: 0x0000022ff7f14bf0 is a thread
stack at sp + 2 slots: 0x000000ad029ff428 is pointing into the stack for thread: 0x0000022ff7f14bf0
stack at sp + 3 slots: 0x000000ad029ff428 is pointing into the stack for thread: 0x0000022ff7f14bf0
stack at sp + 4 slots: 0x00000000000088e4 is an unknown value
stack at sp + 5 slots: 0x0000000000076a2c is an unknown value
stack at sp + 6 slots: 0x00007ffc91813117 nvoglv64.dll
stack at sp + 7 slots: 0x0000000000000020 is an unknown value


---------------  P R O C E S S  ---------------

Threads class SMR info:
_java_thread_list=0x0000022f9d5678c0, length=20, elements={
0x0000022ff7f14bf0, 0x0000022f977330b0, 0x0000022f97733f30, 0x0000022f9776ea70,
0x0000022f9776f840, 0x0000022f97770200, 0x0000022f97788ca0, 0x0000022f9778d0a0,
0x0000022f977908b0, 0x0000022f977a9eb0, 0x0000022f97906650, 0x0000022f9793e870,
0x0000022f979cbc30, 0x0000022f9c027360, 0x0000022f9c027850, 0x0000022f9c774980,
0x0000022f9d39a010, 0x0000022f9d39ad40, 0x0000022f9d566d10, 0x0000022f9d567230
}

Java Threads: ( => current thread )
=>0x0000022ff7f14bf0 JavaThread "main" [_thread_in_native, id=12832, stack(0x000000ad02900000,0x000000ad02a00000)]
  0x0000022f977330b0 JavaThread "Reference Handler" daemon [_thread_blocked, id=9956, stack(0x000000ad03000000,0x000000ad03100000)]
  0x0000022f97733f30 JavaThread "Finalizer" daemon [_thread_blocked, id=10164, stack(0x000000ad03100000,0x000000ad03200000)]
  0x0000022f9776ea70 JavaThread "Signal Dispatcher" daemon [_thread_blocked, id=14048, stack(0x000000ad03200000,0x000000ad03300000)]
  0x0000022f9776f840 JavaThread "Attach Listener" daemon [_thread_blocked, id=13092, stack(0x000000ad03300000,0x000000ad03400000)]
  0x0000022f97770200 JavaThread "Service Thread" daemon [_thread_blocked, id=18564, stack(0x000000ad03400000,0x000000ad03500000)]
  0x0000022f97788ca0 JavaThread "Monitor Deflation Thread" daemon [_thread_blocked, id=14120, stack(0x000000ad03500000,0x000000ad03600000)]
  0x0000022f9778d0a0 JavaThread "C2 CompilerThread0" daemon [_thread_in_native, id=16248, stack(0x000000ad03600000,0x000000ad03700000)]
  0x0000022f977908b0 JavaThread "C1 CompilerThread0" daemon [_thread_blocked, id=20476, stack(0x000000ad03700000,0x000000ad03800000)]
  0x0000022f977a9eb0 JavaThread "Sweeper thread" daemon [_thread_blocked, id=7788, stack(0x000000ad03800000,0x000000ad03900000)]
  0x0000022f97906650 JavaThread "Common-Cleaner" daemon [_thread_blocked, id=20228, stack(0x000000ad03900000,0x000000ad03a00000)]
  0x0000022f9793e870 JavaThread "C1 CompilerThread1" daemon [_thread_blocked, id=5540, stack(0x000000ad03a00000,0x000000ad03b00000)]
  0x0000022f979cbc30 JavaThread "JDWP Transport Listener: dt_socket" daemon [_thread_blocked, id=20528, stack(0x000000ad03c00000,0x000000ad03d00000)]
  0x0000022f9c027360 JavaThread "JDWP Event Helper Thread" daemon [_thread_blocked, id=14744, stack(0x000000ad03d00000,0x000000ad03e00000)]
  0x0000022f9c027850 JavaThread "JDWP Command Reader" daemon [_thread_in_native, id=3920, stack(0x000000ad03e00000,0x000000ad03f00000)]
  0x0000022f9c774980 JavaThread "Notification Thread" daemon [_thread_blocked, id=18592, stack(0x000000ad04000000,0x000000ad04100000)]
  0x0000022f9d39a010 JavaThread "C1 CompilerThread2" daemon [_thread_blocked, id=19572, stack(0x000000ad03b00000,0x000000ad03c00000)]
  0x0000022f9d39ad40 JavaThread "C1 CompilerThread3" daemon [_thread_blocked, id=832, stack(0x000000ad03f00000,0x000000ad04000000)]
  0x0000022f9d566d10 JavaThread "C2 CompilerThread1" daemon [_thread_blocked, id=17576, stack(0x000000ad04f00000,0x000000ad05000000)]
  0x0000022f9d567230 JavaThread "C2 CompilerThread2" daemon [_thread_in_native, id=17764, stack(0x000000ad05000000,0x000000ad05100000)]

Other Threads:
  0x0000022f977303f0 VMThread "VM Thread" [stack: 0x000000ad02f00000,0x000000ad03000000] [id=10460]
  0x0000022f9c472450 WatcherThread [stack: 0x000000ad04100000,0x000000ad04200000] [id=16168]
  0x0000022ff7f81ef0 GCTaskThread "GC Thread#0" [stack: 0x000000ad02a00000,0x000000ad02b00000] [id=8244]
  0x0000022f9d3b7400 GCTaskThread "GC Thread#1" [stack: 0x000000ad04800000,0x000000ad04900000] [id=14116]
  0x0000022f9d3b76c0 GCTaskThread "GC Thread#2" [stack: 0x000000ad04900000,0x000000ad04a00000] [id=8720]
  0x0000022f9d3b7980 GCTaskThread "GC Thread#3" [stack: 0x000000ad04a00000,0x000000ad04b00000] [id=17160]
  0x0000022f9d3b7c40 GCTaskThread "GC Thread#4" [stack: 0x000000ad04b00000,0x000000ad04c00000] [id=2900]
  0x0000022f9d3bb9f0 GCTaskThread "GC Thread#5" [stack: 0x000000ad04c00000,0x000000ad04d00000] [id=19160]
  0x0000022f9d4240f0 GCTaskThread "GC Thread#6" [stack: 0x000000ad04d00000,0x000000ad04e00000] [id=9684]
  0x0000022f9d4243b0 GCTaskThread "GC Thread#7" [stack: 0x000000ad04e00000,0x000000ad04f00000] [id=20336]
  0x0000022ff7f934e0 ConcurrentGCThread "G1 Main Marker" [stack: 0x000000ad02b00000,0x000000ad02c00000] [id=17904]
  0x0000022ff7f93ef0 ConcurrentGCThread "G1 Conc#0" [stack: 0x000000ad02c00000,0x000000ad02d00000] [id=21272]
  0x0000022f97584650 ConcurrentGCThread "G1 Refine#0" [stack: 0x000000ad02d00000,0x000000ad02e00000] [id=16644]
  0x0000022f97587fb0 ConcurrentGCThread "G1 Service" [stack: 0x000000ad02e00000,0x000000ad02f00000] [id=5612]

Threads with active compile tasks:
C2 CompilerThread0     1249 1193       4       org.eclipse.jdt.launching.internal.org.objectweb.asm.ClassReader::readMethod (1066 bytes)
C2 CompilerThread2     1250 1194       4       org.eclipse.jdt.launching.internal.org.objectweb.asm.ClassVisitor::visitMethod (24 bytes)

VM state: not at safepoint (normal execution)

VM Mutex/Monitor currently owned by a thread: None

Heap address: 0x0000000701000000, size: 4080 MB, Compressed Oops mode: Zero based, Oop shift amount: 3

CDS archive(s) not mapped
Compressed class space mapped at: 0x0000000800000000-0x0000000840000000, reserved size: 1073741824
Narrow klass base: 0x0000000800000000, Narrow klass shift: 0, Narrow klass range: 0x40000000

GC Precious Log:
 CPUs: 16 total, 16 available
 Memory: 16314M
 Large Page Support: Disabled
 NUMA Support: Disabled
 Compressed Oops: Enabled (Zero based)
 Heap Region Size: 2M
 Heap Min Capacity: 8M
 Heap Initial Capacity: 256M
 Heap Max Capacity: 4080M
 Pre-touch: Disabled
 Parallel Workers: 13
 Concurrent Workers: 3
 Concurrent Refinement Workers: 13
 Periodic GC: Disabled

Heap:
 garbage-first heap   total 262144K, used 12023K [0x0000000701000000, 0x0000000800000000)
  region size 2048K, 7 young (14336K), 2 survivors (4096K)
 Metaspace       used 13700K, committed 13888K, reserved 1114112K
  class space    used 1033K, committed 1152K, reserved 1048576K

Heap Regions: E=young(eden), S=young(survivor), O=old, HS=humongous(starts), HC=humongous(continues), CS=collection set, F=free, OA=open archive, CA=closed archive, TAMS=top-at-mark-start (previous, next)
|   0|0x0000000701000000, 0x0000000701000000, 0x0000000701200000|  0%| F|  |TAMS 0x0000000701000000, 0x0000000701000000| Untracked 
|   1|0x0000000701200000, 0x0000000701200000, 0x0000000701400000|  0%| F|  |TAMS 0x0000000701200000, 0x0000000701200000| Untracked 
|   2|0x0000000701400000, 0x0000000701400000, 0x0000000701600000|  0%| F|  |TAMS 0x0000000701400000, 0x0000000701400000| Untracked 
|   3|0x0000000701600000, 0x0000000701600000, 0x0000000701800000|  0%| F|  |TAMS 0x0000000701600000, 0x0000000701600000| Untracked 
|   4|0x0000000701800000, 0x0000000701800000, 0x0000000701a00000|  0%| F|  |TAMS 0x0000000701800000, 0x0000000701800000| Untracked 
|   5|0x0000000701a00000, 0x0000000701a00000, 0x0000000701c00000|  0%| F|  |TAMS 0x0000000701a00000, 0x0000000701a00000| Untracked 
|   6|0x0000000701c00000, 0x0000000701c00000, 0x0000000701e00000|  0%| F|  |TAMS 0x0000000701c00000, 0x0000000701c00000| Untracked 
|   7|0x0000000701e00000, 0x0000000701e00000, 0x0000000702000000|  0%| F|  |TAMS 0x0000000701e00000, 0x0000000701e00000| Untracked 
|   8|0x0000000702000000, 0x0000000702000000, 0x0000000702200000|  0%| F|  |TAMS 0x0000000702000000, 0x0000000702000000| Untracked 
|   9|0x0000000702200000, 0x0000000702200000, 0x0000000702400000|  0%| F|  |TAMS 0x0000000702200000, 0x0000000702200000| Untracked 
|  10|0x0000000702400000, 0x0000000702400000, 0x0000000702600000|  0%| F|  |TAMS 0x0000000702400000, 0x0000000702400000| Untracked 
|  11|0x0000000702600000, 0x0000000702600000, 0x0000000702800000|  0%| F|  |TAMS 0x0000000702600000, 0x0000000702600000| Untracked 
|  12|0x0000000702800000, 0x0000000702800000, 0x0000000702a00000|  0%| F|  |TAMS 0x0000000702800000, 0x0000000702800000| Untracked 
|  13|0x0000000702a00000, 0x0000000702a00000, 0x0000000702c00000|  0%| F|  |TAMS 0x0000000702a00000, 0x0000000702a00000| Untracked 
|  14|0x0000000702c00000, 0x0000000702c00000, 0x0000000702e00000|  0%| F|  |TAMS 0x0000000702c00000, 0x0000000702c00000| Untracked 
|  15|0x0000000702e00000, 0x0000000702e00000, 0x0000000703000000|  0%| F|  |TAMS 0x0000000702e00000, 0x0000000702e00000| Untracked 
|  16|0x0000000703000000, 0x0000000703000000, 0x0000000703200000|  0%| F|  |TAMS 0x0000000703000000, 0x0000000703000000| Untracked 
|  17|0x0000000703200000, 0x0000000703200000, 0x0000000703400000|  0%| F|  |TAMS 0x0000000703200000, 0x0000000703200000| Untracked 
|  18|0x0000000703400000, 0x0000000703400000, 0x0000000703600000|  0%| F|  |TAMS 0x0000000703400000, 0x0000000703400000| Untracked 
|  19|0x0000000703600000, 0x0000000703600000, 0x0000000703800000|  0%| F|  |TAMS 0x0000000703600000, 0x0000000703600000| Untracked 
|  20|0x0000000703800000, 0x0000000703800000, 0x0000000703a00000|  0%| F|  |TAMS 0x0000000703800000, 0x0000000703800000| Untracked 
|  21|0x0000000703a00000, 0x0000000703a00000, 0x0000000703c00000|  0%| F|  |TAMS 0x0000000703a00000, 0x0000000703a00000| Untracked 
|  22|0x0000000703c00000, 0x0000000703c00000, 0x0000000703e00000|  0%| F|  |TAMS 0x0000000703c00000, 0x0000000703c00000| Untracked 
|  23|0x0000000703e00000, 0x0000000703e00000, 0x0000000704000000|  0%| F|  |TAMS 0x0000000703e00000, 0x0000000703e00000| Untracked 
|  24|0x0000000704000000, 0x0000000704000000, 0x0000000704200000|  0%| F|  |TAMS 0x0000000704000000, 0x0000000704000000| Untracked 
|  25|0x0000000704200000, 0x0000000704200000, 0x0000000704400000|  0%| F|  |TAMS 0x0000000704200000, 0x0000000704200000| Untracked 
|  26|0x0000000704400000, 0x0000000704400000, 0x0000000704600000|  0%| F|  |TAMS 0x0000000704400000, 0x0000000704400000| Untracked 
|  27|0x0000000704600000, 0x0000000704600000, 0x0000000704800000|  0%| F|  |TAMS 0x0000000704600000, 0x0000000704600000| Untracked 
|  28|0x0000000704800000, 0x0000000704800000, 0x0000000704a00000|  0%| F|  |TAMS 0x0000000704800000, 0x0000000704800000| Untracked 
|  29|0x0000000704a00000, 0x0000000704a00000, 0x0000000704c00000|  0%| F|  |TAMS 0x0000000704a00000, 0x0000000704a00000| Untracked 
|  30|0x0000000704c00000, 0x0000000704c00000, 0x0000000704e00000|  0%| F|  |TAMS 0x0000000704c00000, 0x0000000704c00000| Untracked 
|  31|0x0000000704e00000, 0x0000000704e00000, 0x0000000705000000|  0%| F|  |TAMS 0x0000000704e00000, 0x0000000704e00000| Untracked 
|  32|0x0000000705000000, 0x0000000705000000, 0x0000000705200000|  0%| F|  |TAMS 0x0000000705000000, 0x0000000705000000| Untracked 
|  33|0x0000000705200000, 0x0000000705200000, 0x0000000705400000|  0%| F|  |TAMS 0x0000000705200000, 0x0000000705200000| Untracked 
|  34|0x0000000705400000, 0x0000000705400000, 0x0000000705600000|  0%| F|  |TAMS 0x0000000705400000, 0x0000000705400000| Untracked 
|  35|0x0000000705600000, 0x0000000705600000, 0x0000000705800000|  0%| F|  |TAMS 0x0000000705600000, 0x0000000705600000| Untracked 
|  36|0x0000000705800000, 0x0000000705800000, 0x0000000705a00000|  0%| F|  |TAMS 0x0000000705800000, 0x0000000705800000| Untracked 
|  37|0x0000000705a00000, 0x0000000705a00000, 0x0000000705c00000|  0%| F|  |TAMS 0x0000000705a00000, 0x0000000705a00000| Untracked 
|  38|0x0000000705c00000, 0x0000000705c00000, 0x0000000705e00000|  0%| F|  |TAMS 0x0000000705c00000, 0x0000000705c00000| Untracked 
|  39|0x0000000705e00000, 0x0000000705e00000, 0x0000000706000000|  0%| F|  |TAMS 0x0000000705e00000, 0x0000000705e00000| Untracked 
|  40|0x0000000706000000, 0x0000000706000000, 0x0000000706200000|  0%| F|  |TAMS 0x0000000706000000, 0x0000000706000000| Untracked 
|  41|0x0000000706200000, 0x0000000706200000, 0x0000000706400000|  0%| F|  |TAMS 0x0000000706200000, 0x0000000706200000| Untracked 
|  42|0x0000000706400000, 0x0000000706400000, 0x0000000706600000|  0%| F|  |TAMS 0x0000000706400000, 0x0000000706400000| Untracked 
|  43|0x0000000706600000, 0x0000000706600000, 0x0000000706800000|  0%| F|  |TAMS 0x0000000706600000, 0x0000000706600000| Untracked 
|  44|0x0000000706800000, 0x0000000706800000, 0x0000000706a00000|  0%| F|  |TAMS 0x0000000706800000, 0x0000000706800000| Untracked 
|  45|0x0000000706a00000, 0x0000000706a00000, 0x0000000706c00000|  0%| F|  |TAMS 0x0000000706a00000, 0x0000000706a00000| Untracked 
|  46|0x0000000706c00000, 0x0000000706c00000, 0x0000000706e00000|  0%| F|  |TAMS 0x0000000706c00000, 0x0000000706c00000| Untracked 
|  47|0x0000000706e00000, 0x0000000706e00000, 0x0000000707000000|  0%| F|  |TAMS 0x0000000706e00000, 0x0000000706e00000| Untracked 
|  48|0x0000000707000000, 0x0000000707000000, 0x0000000707200000|  0%| F|  |TAMS 0x0000000707000000, 0x0000000707000000| Untracked 
|  49|0x0000000707200000, 0x0000000707200000, 0x0000000707400000|  0%| F|  |TAMS 0x0000000707200000, 0x0000000707200000| Untracked 
|  50|0x0000000707400000, 0x0000000707400000, 0x0000000707600000|  0%| F|  |TAMS 0x0000000707400000, 0x0000000707400000| Untracked 
|  51|0x0000000707600000, 0x0000000707600000, 0x0000000707800000|  0%| F|  |TAMS 0x0000000707600000, 0x0000000707600000| Untracked 
|  52|0x0000000707800000, 0x0000000707800000, 0x0000000707a00000|  0%| F|  |TAMS 0x0000000707800000, 0x0000000707800000| Untracked 
|  53|0x0000000707a00000, 0x0000000707a00000, 0x0000000707c00000|  0%| F|  |TAMS 0x0000000707a00000, 0x0000000707a00000| Untracked 
|  54|0x0000000707c00000, 0x0000000707c00000, 0x0000000707e00000|  0%| F|  |TAMS 0x0000000707c00000, 0x0000000707c00000| Untracked 
|  55|0x0000000707e00000, 0x0000000707e00000, 0x0000000708000000|  0%| F|  |TAMS 0x0000000707e00000, 0x0000000707e00000| Untracked 
|  56|0x0000000708000000, 0x0000000708000000, 0x0000000708200000|  0%| F|  |TAMS 0x0000000708000000, 0x0000000708000000| Untracked 
|  57|0x0000000708200000, 0x0000000708200000, 0x0000000708400000|  0%| F|  |TAMS 0x0000000708200000, 0x0000000708200000| Untracked 
|  58|0x0000000708400000, 0x0000000708400000, 0x0000000708600000|  0%| F|  |TAMS 0x0000000708400000, 0x0000000708400000| Untracked 
|  59|0x0000000708600000, 0x0000000708600000, 0x0000000708800000|  0%| F|  |TAMS 0x0000000708600000, 0x0000000708600000| Untracked 
|  60|0x0000000708800000, 0x0000000708800000, 0x0000000708a00000|  0%| F|  |TAMS 0x0000000708800000, 0x0000000708800000| Untracked 
|  61|0x0000000708a00000, 0x0000000708a00000, 0x0000000708c00000|  0%| F|  |TAMS 0x0000000708a00000, 0x0000000708a00000| Untracked 
|  62|0x0000000708c00000, 0x0000000708c00000, 0x0000000708e00000|  0%| F|  |TAMS 0x0000000708c00000, 0x0000000708c00000| Untracked 
|  63|0x0000000708e00000, 0x0000000708e00000, 0x0000000709000000|  0%| F|  |TAMS 0x0000000708e00000, 0x0000000708e00000| Untracked 
|  64|0x0000000709000000, 0x0000000709000000, 0x0000000709200000|  0%| F|  |TAMS 0x0000000709000000, 0x0000000709000000| Untracked 
|  65|0x0000000709200000, 0x0000000709200000, 0x0000000709400000|  0%| F|  |TAMS 0x0000000709200000, 0x0000000709200000| Untracked 
|  66|0x0000000709400000, 0x0000000709400000, 0x0000000709600000|  0%| F|  |TAMS 0x0000000709400000, 0x0000000709400000| Untracked 
|  67|0x0000000709600000, 0x0000000709600000, 0x0000000709800000|  0%| F|  |TAMS 0x0000000709600000, 0x0000000709600000| Untracked 
|  68|0x0000000709800000, 0x0000000709800000, 0x0000000709a00000|  0%| F|  |TAMS 0x0000000709800000, 0x0000000709800000| Untracked 
|  69|0x0000000709a00000, 0x0000000709a00000, 0x0000000709c00000|  0%| F|  |TAMS 0x0000000709a00000, 0x0000000709a00000| Untracked 
|  70|0x0000000709c00000, 0x0000000709c00000, 0x0000000709e00000|  0%| F|  |TAMS 0x0000000709c00000, 0x0000000709c00000| Untracked 
|  71|0x0000000709e00000, 0x0000000709e00000, 0x000000070a000000|  0%| F|  |TAMS 0x0000000709e00000, 0x0000000709e00000| Untracked 
|  72|0x000000070a000000, 0x000000070a000000, 0x000000070a200000|  0%| F|  |TAMS 0x000000070a000000, 0x000000070a000000| Untracked 
|  73|0x000000070a200000, 0x000000070a200000, 0x000000070a400000|  0%| F|  |TAMS 0x000000070a200000, 0x000000070a200000| Untracked 
|  74|0x000000070a400000, 0x000000070a400000, 0x000000070a600000|  0%| F|  |TAMS 0x000000070a400000, 0x000000070a400000| Untracked 
|  75|0x000000070a600000, 0x000000070a600000, 0x000000070a800000|  0%| F|  |TAMS 0x000000070a600000, 0x000000070a600000| Untracked 
|  76|0x000000070a800000, 0x000000070a800000, 0x000000070aa00000|  0%| F|  |TAMS 0x000000070a800000, 0x000000070a800000| Untracked 
|  77|0x000000070aa00000, 0x000000070aa00000, 0x000000070ac00000|  0%| F|  |TAMS 0x000000070aa00000, 0x000000070aa00000| Untracked 
|  78|0x000000070ac00000, 0x000000070ac00000, 0x000000070ae00000|  0%| F|  |TAMS 0x000000070ac00000, 0x000000070ac00000| Untracked 
|  79|0x000000070ae00000, 0x000000070ae00000, 0x000000070b000000|  0%| F|  |TAMS 0x000000070ae00000, 0x000000070ae00000| Untracked 
|  80|0x000000070b000000, 0x000000070b000000, 0x000000070b200000|  0%| F|  |TAMS 0x000000070b000000, 0x000000070b000000| Untracked 
|  81|0x000000070b200000, 0x000000070b200000, 0x000000070b400000|  0%| F|  |TAMS 0x000000070b200000, 0x000000070b200000| Untracked 
|  82|0x000000070b400000, 0x000000070b400000, 0x000000070b600000|  0%| F|  |TAMS 0x000000070b400000, 0x000000070b400000| Untracked 
|  83|0x000000070b600000, 0x000000070b600000, 0x000000070b800000|  0%| F|  |TAMS 0x000000070b600000, 0x000000070b600000| Untracked 
|  84|0x000000070b800000, 0x000000070b800000, 0x000000070ba00000|  0%| F|  |TAMS 0x000000070b800000, 0x000000070b800000| Untracked 
|  85|0x000000070ba00000, 0x000000070ba00000, 0x000000070bc00000|  0%| F|  |TAMS 0x000000070ba00000, 0x000000070ba00000| Untracked 
|  86|0x000000070bc00000, 0x000000070bc00000, 0x000000070be00000|  0%| F|  |TAMS 0x000000070bc00000, 0x000000070bc00000| Untracked 
|  87|0x000000070be00000, 0x000000070be00000, 0x000000070c000000|  0%| F|  |TAMS 0x000000070be00000, 0x000000070be00000| Untracked 
|  88|0x000000070c000000, 0x000000070c000000, 0x000000070c200000|  0%| F|  |TAMS 0x000000070c000000, 0x000000070c000000| Untracked 
|  89|0x000000070c200000, 0x000000070c200000, 0x000000070c400000|  0%| F|  |TAMS 0x000000070c200000, 0x000000070c200000| Untracked 
|  90|0x000000070c400000, 0x000000070c400000, 0x000000070c600000|  0%| F|  |TAMS 0x000000070c400000, 0x000000070c400000| Untracked 
|  91|0x000000070c600000, 0x000000070c600000, 0x000000070c800000|  0%| F|  |TAMS 0x000000070c600000, 0x000000070c600000| Untracked 
|  92|0x000000070c800000, 0x000000070c800000, 0x000000070ca00000|  0%| F|  |TAMS 0x000000070c800000, 0x000000070c800000| Untracked 
|  93|0x000000070ca00000, 0x000000070ca00000, 0x000000070cc00000|  0%| F|  |TAMS 0x000000070ca00000, 0x000000070ca00000| Untracked 
|  94|0x000000070cc00000, 0x000000070cc00000, 0x000000070ce00000|  0%| F|  |TAMS 0x000000070cc00000, 0x000000070cc00000| Untracked 
|  95|0x000000070ce00000, 0x000000070ce00000, 0x000000070d000000|  0%| F|  |TAMS 0x000000070ce00000, 0x000000070ce00000| Untracked 
|  96|0x000000070d000000, 0x000000070d000000, 0x000000070d200000|  0%| F|  |TAMS 0x000000070d000000, 0x000000070d000000| Untracked 
|  97|0x000000070d200000, 0x000000070d200000, 0x000000070d400000|  0%| F|  |TAMS 0x000000070d200000, 0x000000070d200000| Untracked 
|  98|0x000000070d400000, 0x000000070d400000, 0x000000070d600000|  0%| F|  |TAMS 0x000000070d400000, 0x000000070d400000| Untracked 
|  99|0x000000070d600000, 0x000000070d600000, 0x000000070d800000|  0%| F|  |TAMS 0x000000070d600000, 0x000000070d600000| Untracked 
| 100|0x000000070d800000, 0x000000070d800000, 0x000000070da00000|  0%| F|  |TAMS 0x000000070d800000, 0x000000070d800000| Untracked 
| 101|0x000000070da00000, 0x000000070da00000, 0x000000070dc00000|  0%| F|  |TAMS 0x000000070da00000, 0x000000070da00000| Untracked 
| 102|0x000000070dc00000, 0x000000070dc00000, 0x000000070de00000|  0%| F|  |TAMS 0x000000070dc00000, 0x000000070dc00000| Untracked 
| 103|0x000000070de00000, 0x000000070de00000, 0x000000070e000000|  0%| F|  |TAMS 0x000000070de00000, 0x000000070de00000| Untracked 
| 104|0x000000070e000000, 0x000000070e000000, 0x000000070e200000|  0%| F|  |TAMS 0x000000070e000000, 0x000000070e000000| Untracked 
| 105|0x000000070e200000, 0x000000070e200000, 0x000000070e400000|  0%| F|  |TAMS 0x000000070e200000, 0x000000070e200000| Untracked 
| 106|0x000000070e400000, 0x000000070e400000, 0x000000070e600000|  0%| F|  |TAMS 0x000000070e400000, 0x000000070e400000| Untracked 
| 107|0x000000070e600000, 0x000000070e600000, 0x000000070e800000|  0%| F|  |TAMS 0x000000070e600000, 0x000000070e600000| Untracked 
| 108|0x000000070e800000, 0x000000070e800000, 0x000000070ea00000|  0%| F|  |TAMS 0x000000070e800000, 0x000000070e800000| Untracked 
| 109|0x000000070ea00000, 0x000000070ea00000, 0x000000070ec00000|  0%| F|  |TAMS 0x000000070ea00000, 0x000000070ea00000| Untracked 
| 110|0x000000070ec00000, 0x000000070ec00000, 0x000000070ee00000|  0%| F|  |TAMS 0x000000070ec00000, 0x000000070ec00000| Untracked 
| 111|0x000000070ee00000, 0x000000070ee00000, 0x000000070f000000|  0%| F|  |TAMS 0x000000070ee00000, 0x000000070ee00000| Untracked 
| 112|0x000000070f000000, 0x000000070f000000, 0x000000070f200000|  0%| F|  |TAMS 0x000000070f000000, 0x000000070f000000| Untracked 
| 113|0x000000070f200000, 0x000000070f200000, 0x000000070f400000|  0%| F|  |TAMS 0x000000070f200000, 0x000000070f200000| Untracked 
| 114|0x000000070f400000, 0x000000070f400000, 0x000000070f600000|  0%| F|  |TAMS 0x000000070f400000, 0x000000070f400000| Untracked 
| 115|0x000000070f600000, 0x000000070f7bdf00, 0x000000070f800000| 87%| S|CS|TAMS 0x000000070f600000, 0x000000070f600000| Complete 
| 116|0x000000070f800000, 0x000000070fa00000, 0x000000070fa00000|100%| S|CS|TAMS 0x000000070f800000, 0x000000070f800000| Complete 
| 117|0x000000070fa00000, 0x000000070fa00000, 0x000000070fc00000|  0%| F|  |TAMS 0x000000070fa00000, 0x000000070fa00000| Untracked 
| 118|0x000000070fc00000, 0x000000070fc00000, 0x000000070fe00000|  0%| F|  |TAMS 0x000000070fc00000, 0x000000070fc00000| Untracked 
| 119|0x000000070fe00000, 0x000000070fe00000, 0x0000000710000000|  0%| F|  |TAMS 0x000000070fe00000, 0x000000070fe00000| Untracked 
| 120|0x0000000710000000, 0x0000000710000000, 0x0000000710200000|  0%| F|  |TAMS 0x0000000710000000, 0x0000000710000000| Untracked 
| 121|0x0000000710200000, 0x0000000710200000, 0x0000000710400000|  0%| F|  |TAMS 0x0000000710200000, 0x0000000710200000| Untracked 
| 122|0x0000000710400000, 0x0000000710400000, 0x0000000710600000|  0%| F|  |TAMS 0x0000000710400000, 0x0000000710400000| Untracked 
| 123|0x0000000710600000, 0x00000007107f40e0, 0x0000000710800000| 97%| E|  |TAMS 0x0000000710600000, 0x0000000710600000| Complete 
| 124|0x0000000710800000, 0x0000000710a00000, 0x0000000710a00000|100%| E|CS|TAMS 0x0000000710800000, 0x0000000710800000| Complete 
| 125|0x0000000710a00000, 0x0000000710c00000, 0x0000000710c00000|100%| E|CS|TAMS 0x0000000710a00000, 0x0000000710a00000| Complete 
| 126|0x0000000710c00000, 0x0000000710e00000, 0x0000000710e00000|100%| E|CS|TAMS 0x0000000710c00000, 0x0000000710c00000| Complete 
| 127|0x0000000710e00000, 0x0000000711000000, 0x0000000711000000|100%| E|CS|TAMS 0x0000000710e00000, 0x0000000710e00000| Complete 

Card table byte_map: [0x0000022ffc650000,0x0000022ffce50000] _byte_map_base: 0x0000022ff8e48000

Marking Bits (Prev, Next): (CMBitMap*) 0x0000022ff7f82510, (CMBitMap*) 0x0000022ff7f82550
 Prev Bits: [0x0000022f8f000000, 0x0000022f92fc0000)
 Next Bits: [0x0000022f92fc0000, 0x0000022f96f80000)

Polling page: 0x0000022ff5e30000

Metaspace:

Usage:
  Non-class:     12.37 MB used.
      Class:      1.01 MB used.
       Both:     13.38 MB used.

Virtual space:
  Non-class space:       64.00 MB reserved,      12.44 MB ( 19%) committed,  1 nodes.
      Class space:        1.00 GB reserved,       1.12 MB ( <1%) committed,  1 nodes.
             Both:        1.06 GB reserved,      13.56 MB (  1%) committed. 

Chunk freelists:
   Non-Class:  2.88 MB
       Class:  14.86 MB
        Both:  17.73 MB

MaxMetaspaceSize: unlimited
CompressedClassSpaceSize: 1.00 GB
Initial GC threshold: 21.00 MB
Current GC threshold: 21.00 MB
CDS: off
MetaspaceReclaimPolicy: balanced
 - commit_granule_bytes: 65536.
 - commit_granule_words: 8192.
 - virtual_space_node_default_size: 8388608.
 - enlarge_chunks_in_place: 1.
 - new_chunks_are_fully_committed: 0.
 - uncommit_free_chunks: 1.
 - use_allocation_guard: 0.
 - handle_deallocations: 1.


Internal statistics:

num_allocs_failed_limit: 0.
num_arena_births: 66.
num_arena_deaths: 0.
num_vsnodes_births: 2.
num_vsnodes_deaths: 0.
num_space_committed: 215.
num_space_uncommitted: 0.
num_chunks_returned_to_freelist: 0.
num_chunks_taken_from_freelist: 217.
num_chunk_merges: 0.
num_chunk_splits: 144.
num_chunks_enlarged: 99.
num_inconsistent_stats: 0.

CodeHeap 'non-profiled nmethods': size=119168Kb used=437Kb max_used=437Kb free=118730Kb
 bounds [0x0000022f87ba0000, 0x0000022f87e10000, 0x0000022f8f000000]
CodeHeap 'profiled nmethods': size=119104Kb used=2300Kb max_used=2300Kb free=116803Kb
 bounds [0x0000022f80000000, 0x0000022f80270000, 0x0000022f87450000]
CodeHeap 'non-nmethods': size=7488Kb used=3391Kb max_used=3414Kb free=4096Kb
 bounds [0x0000022f87450000, 0x0000022f877b0000, 0x0000022f87ba0000]
 total_blobs=2271 nmethods=1194 adapters=987
 compilation: enabled
              stopped_count=0, restarted_count=0
 full_count=0

Compilation events (20 events):
Event: 1.164 Thread 0x0000022f9d39a010 1185       1       java.util.zip.ZipEntry::getCrc (5 bytes)
Event: 1.165 Thread 0x0000022f9d39a010 nmethod 1185 0x0000022f87c06610 code [0x0000022f87c067a0, 0x0000022f87c06878]
Event: 1.167 Thread 0x0000022f9d39a010 1186       3       java.security.CodeSource::getCertificates (98 bytes)
Event: 1.167 Thread 0x0000022f9d39a010 nmethod 1186 0x0000022f80222c90 code [0x0000022f80222ee0, 0x0000022f80223a98]
Event: 1.170 Thread 0x0000022f9d39ad40 1187       3       org.eclipse.jdt.launching.internal.org.objectweb.asm.ClassReader::accept (1412 bytes)
Event: 1.171 Thread 0x0000022f9d39a010 1188       3       org.eclipse.jdt.launching.internal.org.objectweb.asm.ClassReader::<init> (371 bytes)
Event: 1.172 Thread 0x0000022f977908b0 1189       3       org.eclipse.jdt.launching.internal.org.objectweb.asm.SymbolTable::<init> (536 bytes)
Event: 1.172 Thread 0x0000022f9793e870 1190       3       org.eclipse.jdt.launching.internal.org.objectweb.asm.ClassWriter::toByteArray (1535 bytes)
Event: 1.172 Thread 0x0000022f9d39a010 nmethod 1188 0x0000022f80223e10 code [0x0000022f80224120, 0x0000022f80225598]
Event: 1.173 Thread 0x0000022f9d39a010 1191       3       org.eclipse.jdt.launching.internal.org.objectweb.asm.ByteVector::encodeUtf8 (337 bytes)
Event: 1.174 Thread 0x0000022f977908b0 nmethod 1189 0x0000022f80225b90 code [0x0000022f80226160, 0x0000022f80228e08]
Event: 1.174 Thread 0x0000022f9d39a010 nmethod 1191 0x0000022f8022a090 code [0x0000022f8022a3a0, 0x0000022f8022b6b8]
Event: 1.177 Thread 0x0000022f9793e870 nmethod 1190 0x0000022f8022c010 code [0x0000022f8022c940, 0x0000022f80230b58]
Event: 1.178 Thread 0x0000022f9d39ad40 nmethod 1187 0x0000022f80232f10 code [0x0000022f80233ae0, 0x0000022f8023b368]
Event: 1.178 Thread 0x0000022f9793e870 1192       3       java.util.jar.Manifest::getAttributes (14 bytes)
Event: 1.178 Thread 0x0000022f9793e870 nmethod 1192 0x0000022f8023ea90 code [0x0000022f8023ec40, 0x0000022f8023ef48]
Event: 1.183 Thread 0x0000022f9778d0a0 nmethod 1179 0x0000022f87c06910 code [0x0000022f87c06ac0, 0x0000022f87c07758]
Event: 1.183 Thread 0x0000022f9778d0a0 1193       4       org.eclipse.jdt.launching.internal.org.objectweb.asm.ClassReader::readMethod (1066 bytes)
Event: 1.184 Thread 0x0000022f9d566d10 1196       4       org.eclipse.jdt.launching.internal.org.objectweb.asm.MethodWriter::<init> (232 bytes)
Event: 1.184 Thread 0x0000022f9d567230 1180       4       org.eclipse.jdt.launching.internal.org.objectweb.asm.SymbolTable::addConstantNameAndType (28 bytes)

GC Heap History (2 events):
Event: 1.089 GC heap before
{Heap before GC invocations=0 (full 0):
 garbage-first heap   total 262144K, used 20480K [0x0000000701000000, 0x0000000800000000)
  region size 2048K, 11 young (22528K), 0 survivors (0K)
 Metaspace       used 12190K, committed 12352K, reserved 1114112K
  class space    used 1011K, committed 1088K, reserved 1048576K
}
Event: 1.092 GC heap after
{Heap after GC invocations=1 (full 0):
 garbage-first heap   total 262144K, used 3831K [0x0000000701000000, 0x0000000800000000)
  region size 2048K, 2 young (4096K), 2 survivors (4096K)
 Metaspace       used 12190K, committed 12352K, reserved 1114112K
  class space    used 1011K, committed 1088K, reserved 1048576K
}

Dll operation events (10 events):
Event: 0.007 Loaded shared library C:\Users\zalan\.p2\pool\plugins\org.eclipse.justj.openjdk.hotspot.jre.full.win32.x86_64_17.0.8.v20230831-1047\jre\bin\java.dll
Event: 0.299 Loaded shared library C:\Users\zalan\.p2\pool\plugins\org.eclipse.justj.openjdk.hotspot.jre.full.win32.x86_64_17.0.8.v20230831-1047\jre\bin\zip.dll
Event: 0.302 Loaded shared library C:\Users\zalan\.p2\pool\plugins\org.eclipse.justj.openjdk.hotspot.jre.full.win32.x86_64_17.0.8.v20230831-1047\jre\bin\instrument.dll
Event: 0.317 Loaded shared library C:\Users\zalan\.p2\pool\plugins\org.eclipse.justj.openjdk.hotspot.jre.full.win32.x86_64_17.0.8.v20230831-1047\jre\bin\net.dll
Event: 0.318 Loaded shared library C:\Users\zalan\.p2\pool\plugins\org.eclipse.justj.openjdk.hotspot.jre.full.win32.x86_64_17.0.8.v20230831-1047\jre\bin\nio.dll
Event: 0.328 Loaded shared library C:\Users\zalan\.p2\pool\plugins\org.eclipse.justj.openjdk.hotspot.jre.full.win32.x86_64_17.0.8.v20230831-1047\jre\bin\zip.dll
Event: 0.477 Loaded shared library C:\Users\zalan\.p2\pool\plugins\org.eclipse.justj.openjdk.hotspot.jre.full.win32.x86_64_17.0.8.v20230831-1047\jre\bin\jimage.dll
Event: 0.527 Loaded shared library C:\Users\zalan\.p2\pool\plugins\org.eclipse.justj.openjdk.hotspot.jre.full.win32.x86_64_17.0.8.v20230831-1047\jre\bin\verify.dll
Event: 0.638 Loaded shared library C:\Users\zalan\AppData\Local\Temp\lwjgl_zalan\3.3.3+5\x64\lwjgl.dll
Event: 1.077 Loaded shared library C:\Users\zalan\AppData\Local\Temp\lwjgl_zalan\3.3.3+5\x64\lwjgl_opengl.dll

Deoptimization events (20 events):
Event: 0.660 Thread 0x0000022ff7f14bf0 DEOPT PACKING pc=0x0000022f801657bc sp=0x000000ad029fb760
Event: 0.660 Thread 0x0000022ff7f14bf0 DEOPT UNPACKING pc=0x0000022f874a7143 sp=0x000000ad029fac40 mode 1
Event: 0.660 Thread 0x0000022ff7f14bf0 DEOPT PACKING pc=0x0000022f8016e40c sp=0x000000ad029fb940
Event: 0.660 Thread 0x0000022ff7f14bf0 DEOPT UNPACKING pc=0x0000022f874a7143 sp=0x000000ad029fadb0 mode 1
Event: 0.661 Thread 0x0000022ff7f14bf0 DEOPT PACKING pc=0x0000022f8016e40c sp=0x000000ad029fb6d0
Event: 0.661 Thread 0x0000022ff7f14bf0 DEOPT UNPACKING pc=0x0000022f874a7143 sp=0x000000ad029fab30 mode 1
Event: 0.661 Thread 0x0000022ff7f14bf0 DEOPT PACKING pc=0x0000022f801657bc sp=0x000000ad029fb760
Event: 0.661 Thread 0x0000022ff7f14bf0 DEOPT UNPACKING pc=0x0000022f874a7143 sp=0x000000ad029fac40 mode 1
Event: 0.661 Thread 0x0000022ff7f14bf0 DEOPT PACKING pc=0x0000022f8016e40c sp=0x000000ad029fb940
Event: 0.661 Thread 0x0000022ff7f14bf0 DEOPT UNPACKING pc=0x0000022f874a7143 sp=0x000000ad029fadb0 mode 1
Event: 0.697 Thread 0x0000022ff7f14bf0 Uncommon trap: trap_request=0xffffffc6 fr.pc=0x0000022f87bd1098 relative=0x0000000000000358
Event: 0.697 Thread 0x0000022ff7f14bf0 Uncommon trap: reason=bimorphic_or_optimized_type_check action=maybe_recompile pc=0x0000022f87bd1098 method=java.util.HashMap.getNode(Ljava/lang/Object;)Ljava/util/HashMap$Node; @ 128 c2
Event: 0.697 Thread 0x0000022ff7f14bf0 DEOPT PACKING pc=0x0000022f87bd1098 sp=0x000000ad029fbaf0
Event: 0.697 Thread 0x0000022ff7f14bf0 DEOPT UNPACKING pc=0x0000022f874a69a3 sp=0x000000ad029fba38 mode 2
Event: 1.078 Thread 0x0000022ff7f14bf0 DEOPT PACKING pc=0x0000022f80051057 sp=0x000000ad029fdcc0
Event: 1.078 Thread 0x0000022ff7f14bf0 DEOPT UNPACKING pc=0x0000022f874a7143 sp=0x000000ad029fd120 mode 0
Event: 1.087 Thread 0x0000022ff7f14bf0 Uncommon trap: trap_request=0xffffff54 fr.pc=0x0000022f87c013e4 relative=0x0000000000000064
Event: 1.087 Thread 0x0000022ff7f14bf0 Uncommon trap: reason=speculate_null_assert action=make_not_entrant pc=0x0000022f87c013e4 method=sun.misc.Unsafe.getLong(Ljava/lang/Object;J)J @ 5 c2
Event: 1.087 Thread 0x0000022ff7f14bf0 DEOPT PACKING pc=0x0000022f87c013e4 sp=0x000000ad029ff2e0
Event: 1.087 Thread 0x0000022ff7f14bf0 DEOPT UNPACKING pc=0x0000022f874a69a3 sp=0x000000ad029ff278 mode 2

Classes unloaded (0 events):
No events

Classes redefined (0 events):
No events

Internal exceptions (20 events):
Event: 0.601 Thread 0x0000022ff7f14bf0 Exception <a 'java/lang/NoSuchMethodError'{0x0000000710113958}: 'void java.lang.invoke.DirectMethodHandle$Holder.invokeSpecial(java.lang.Object, java.lang.Object, java.lang.Object)'> (0x0000000710113958) 
thrown [s\src\hotspot\share\interpreter\linkResolver.cpp, line 759]
Event: 0.605 Thread 0x0000022ff7f14bf0 Exception <a 'java/lang/NoSuchMethodError'{0x000000071012d5a0}: 'java.lang.Object java.lang.invoke.DirectMethodHandle$Holder.invokeStatic(java.lang.Object, java.lang.Object, int)'> (0x000000071012d5a0) 
thrown [s\src\hotspot\share\interpreter\linkResolver.cpp, line 759]
Event: 0.606 Thread 0x0000022ff7f14bf0 Exception <a 'java/lang/NoSuchMethodError'{0x0000000710139310}: 'void java.lang.invoke.DelegatingMethodHandle$Holder.delegate(java.lang.Object, java.lang.Object, int, java.lang.Object)'> (0x0000000710139310) 
thrown [s\src\hotspot\share\interpreter\linkResolver.cpp, line 759]
Event: 0.606 Thread 0x0000022ff7f14bf0 Exception <a 'java/lang/NoSuchMethodError'{0x000000071013d348}: 'int java.lang.invoke.DirectMethodHandle$Holder.invokeSpecial(java.lang.Object, java.lang.Object, java.lang.Object)'> (0x000000071013d348) 
thrown [s\src\hotspot\share\interpreter\linkResolver.cpp, line 759]
Event: 0.636 Thread 0x0000022ff7f14bf0 Exception <a 'sun/nio/fs/WindowsException'{0x00000007101f8e08}> (0x00000007101f8e08) 
thrown [s\src\hotspot\share\prims\jni.cpp, line 516]
Event: 0.637 Thread 0x0000022ff7f14bf0 Exception <a 'sun/nio/fs/WindowsException'{0x00000007101fa430}> (0x00000007101fa430) 
thrown [s\src\hotspot\share\prims\jni.cpp, line 516]
Event: 0.679 Thread 0x0000022ff7f14bf0 Exception <a 'java/lang/NoSuchMethodError'{0x000000070ff27640}: 'int java.lang.invoke.DirectMethodHandle$Holder.invokeStaticInit(java.lang.Object, java.lang.Object, int, long)'> (0x000000070ff27640) 
thrown [s\src\hotspot\share\interpreter\linkResolver.cpp, line 759]
Event: 0.680 Thread 0x0000022ff7f14bf0 Exception <a 'java/lang/NoSuchMethodError'{0x000000070ff2cf08}: 'java.lang.Object java.lang.invoke.DirectMethodHandle$Holder.newInvokeSpecial(java.lang.Object, java.lang.Object, int)'> (0x000000070ff2cf08) 
thrown [s\src\hotspot\share\interpreter\linkResolver.cpp, line 759]
Event: 0.682 Thread 0x0000022ff7f14bf0 Exception <a 'java/lang/NoSuchMethodError'{0x000000070ff46b78}: 'int java.lang.invoke.DirectMethodHandle$Holder.invokeStaticInit(java.lang.Object, java.lang.Object, long, long)'> (0x000000070ff46b78) 
thrown [s\src\hotspot\share\interpreter\linkResolver.cpp, line 759]
Event: 0.682 Thread 0x0000022ff7f14bf0 Exception <a 'java/lang/NoSuchMethodError'{0x000000070ff4cc88}: 'java.lang.Object java.lang.invoke.DirectMethodHandle$Holder.newInvokeSpecial(java.lang.Object, java.lang.Object, long)'> (0x000000070ff4cc88) 
thrown [s\src\hotspot\share\interpreter\linkResolver.cpp, line 759]
Event: 0.683 Thread 0x0000022ff7f14bf0 Exception <a 'java/lang/NoSuchMethodError'{0x000000070ff50cd0}: 'java.lang.Object java.lang.invoke.Invokers$Holder.linkToTargetMethod(java.lang.Object, long, java.lang.Object)'> (0x000000070ff50cd0) 
thrown [s\src\hotspot\share\interpreter\linkResolver.cpp, line 759]
Event: 0.684 Thread 0x0000022ff7f14bf0 Exception <a 'java/lang/NoSuchMethodError'{0x000000070ff583e8}: 'int java.lang.invoke.DirectMethodHandle$Holder.invokeStaticInit(java.lang.Object, java.lang.Object, java.lang.Object, long)'> (0x000000070ff583e8) 
thrown [s\src\hotspot\share\interpreter\linkResolver.cpp, line 759]
Event: 0.701 Thread 0x0000022ff7f14bf0 Exception <a 'sun/nio/fs/WindowsException'{0x000000070fc64758}> (0x000000070fc64758) 
thrown [s\src\hotspot\share\prims\jni.cpp, line 516]
Event: 0.701 Thread 0x0000022ff7f14bf0 Exception <a 'sun/nio/fs/WindowsException'{0x000000070fc64ae8}> (0x000000070fc64ae8) 
thrown [s\src\hotspot\share\prims\jni.cpp, line 516]
Event: 0.730 Thread 0x0000022ff7f14bf0 Exception <a 'sun/nio/fs/WindowsException'{0x000000070fa95d20}> (0x000000070fa95d20) 
thrown [s\src\hotspot\share\prims\jni.cpp, line 516]
Event: 0.730 Thread 0x0000022ff7f14bf0 Exception <a 'sun/nio/fs/WindowsException'{0x000000070fa96080}> (0x000000070fa96080) 
thrown [s\src\hotspot\share\prims\jni.cpp, line 516]
Event: 1.075 Thread 0x0000022ff7f14bf0 Exception <a 'sun/nio/fs/WindowsException'{0x000000070fb486a0}> (0x000000070fb486a0) 
thrown [s\src\hotspot\share\prims\jni.cpp, line 516]
Event: 1.075 Thread 0x0000022ff7f14bf0 Exception <a 'sun/nio/fs/WindowsException'{0x000000070fb48a40}> (0x000000070fb48a40) 
thrown [s\src\hotspot\share\prims\jni.cpp, line 516]
Event: 1.080 Thread 0x0000022ff7f14bf0 Exception <a 'sun/nio/fs/WindowsException'{0x000000070fb5e6f0}> (0x000000070fb5e6f0) 
thrown [s\src\hotspot\share\prims\jni.cpp, line 516]
Event: 1.080 Thread 0x0000022ff7f14bf0 Exception <a 'sun/nio/fs/WindowsException'{0x000000070fb5e9c0}> (0x000000070fb5e9c0) 
thrown [s\src\hotspot\share\prims\jni.cpp, line 516]

VM Operations (16 events):
Event: 0.171 Executing VM operation: HandshakeAllThreads
Event: 0.171 Executing VM operation: HandshakeAllThreads done
Event: 0.191 Executing VM operation: ChangeBreakpoints
Event: 0.191 Executing VM operation: ChangeBreakpoints done
Event: 0.285 Executing VM operation: ChangeBreakpoints
Event: 0.285 Executing VM operation: ChangeBreakpoints done
Event: 0.416 Executing VM operation: HandshakeAllThreads
Event: 0.416 Executing VM operation: HandshakeAllThreads done
Event: 0.604 Executing VM operation: HandshakeAllThreads
Event: 0.604 Executing VM operation: HandshakeAllThreads done
Event: 0.629 Executing VM operation: HandshakeAllThreads
Event: 0.629 Executing VM operation: HandshakeAllThreads done
Event: 0.637 Executing VM operation: HandshakeAllThreads
Event: 0.637 Executing VM operation: HandshakeAllThreads done
Event: 1.088 Executing VM operation: G1CollectForAllocation
Event: 1.092 Executing VM operation: G1CollectForAllocation done

Events (20 events):
Event: 0.684 loading class java/nio/BufferUnderflowException
Event: 0.684 loading class java/nio/BufferUnderflowException done
Event: 0.702 loading class java/lang/NoSuchFieldError
Event: 0.702 loading class java/lang/NoSuchFieldError done
Event: 0.718 loading class java/util/function/BiPredicate
Event: 0.718 loading class java/util/function/BiPredicate done
Event: 0.734 loading class jdk/internal/reflect/UnsafeQualifiedStaticIntegerFieldAccessorImpl
Event: 0.734 loading class jdk/internal/reflect/UnsafeQualifiedStaticIntegerFieldAccessorImpl done
Event: 1.067 Thread 0x0000022f9c161d90 Thread exited: 0x0000022f9c161d90
Event: 1.067 Thread 0x0000022f9c1506f0 Thread exited: 0x0000022f9c1506f0
Event: 1.075 Thread 0x0000022f9d39a010 Thread added: 0x0000022f9d39a010
Event: 1.075 Thread 0x0000022f9d39ad40 Thread added: 0x0000022f9d39ad40
Event: 1.077 loading class jdk/internal/misc/ScopedMemoryAccess$Scope
Event: 1.077 loading class jdk/internal/misc/ScopedMemoryAccess$Scope done
Event: 1.118 loading class java/util/function/IntFunction
Event: 1.118 loading class java/util/function/IntFunction done
Event: 1.183 Thread 0x0000022f9d566d10 Thread added: 0x0000022f9d566d10
Event: 1.183 Thread 0x0000022f9d567230 Thread added: 0x0000022f9d567230
Event: 1.184 loading class java/nio/HeapFloatBuffer
Event: 1.184 loading class java/nio/HeapFloatBuffer done


Dynamic libraries:
0x00007ff625cb0000 - 0x00007ff625cbe000 	C:\Users\zalan\.p2\pool\plugins\org.eclipse.justj.openjdk.hotspot.jre.full.win32.x86_64_17.0.8.v20230831-1047\jre\bin\javaw.exe
0x00007ffd3fd70000 - 0x00007ffd3ff67000 	C:\WINDOWS\SYSTEM32\ntdll.dll
0x00007ffd3f2a0000 - 0x00007ffd3f35d000 	C:\WINDOWS\System32\KERNEL32.DLL
0x00007ffd3d520000 - 0x00007ffd3d816000 	C:\WINDOWS\System32\KERNELBASE.dll
0x00007ffd3da50000 - 0x00007ffd3db50000 	C:\WINDOWS\System32\ucrtbase.dll
0x00007ffd34cc0000 - 0x00007ffd34cd7000 	C:\Users\zalan\.p2\pool\plugins\org.eclipse.justj.openjdk.hotspot.jre.full.win32.x86_64_17.0.8.v20230831-1047\jre\bin\jli.dll
0x00007ffd331d0000 - 0x00007ffd331e9000 	C:\Users\zalan\.p2\pool\plugins\org.eclipse.justj.openjdk.hotspot.jre.full.win32.x86_64_17.0.8.v20230831-1047\jre\bin\VCRUNTIME140.dll
0x00007ffd3f490000 - 0x00007ffd3f62e000 	C:\WINDOWS\System32\USER32.dll
0x00007ffd31b80000 - 0x00007ffd31e1a000 	C:\WINDOWS\WinSxS\amd64_microsoft.windows.common-controls_6595b64144ccf1df_6.0.19041.3570_none_60bb2a3971f3e41a\COMCTL32.dll
0x00007ffd3d450000 - 0x00007ffd3d472000 	C:\WINDOWS\System32\win32u.dll
0x00007ffd3e170000 - 0x00007ffd3e20e000 	C:\WINDOWS\System32\msvcrt.dll
0x00007ffd3f710000 - 0x00007ffd3f73c000 	C:\WINDOWS\System32\GDI32.dll
0x00007ffd3d930000 - 0x00007ffd3da4a000 	C:\WINDOWS\System32\gdi32full.dll
0x00007ffd3d480000 - 0x00007ffd3d51d000 	C:\WINDOWS\System32\msvcp_win.dll
0x00007ffd3f630000 - 0x00007ffd3f660000 	C:\WINDOWS\System32\IMM32.DLL
0x00007ffd34e40000 - 0x00007ffd34e4c000 	C:\Users\zalan\.p2\pool\plugins\org.eclipse.justj.openjdk.hotspot.jre.full.win32.x86_64_17.0.8.v20230831-1047\jre\bin\vcruntime140_1.dll
0x00007ffd315a0000 - 0x00007ffd31631000 	C:\Users\zalan\.p2\pool\plugins\org.eclipse.justj.openjdk.hotspot.jre.full.win32.x86_64_17.0.8.v20230831-1047\jre\bin\msvcp140.dll
0x00007ffca6e40000 - 0x00007ffca7a8c000 	C:\Users\zalan\.p2\pool\plugins\org.eclipse.justj.openjdk.hotspot.jre.full.win32.x86_64_17.0.8.v20230831-1047\jre\bin\server\jvm.dll
0x00007ffd3f660000 - 0x00007ffd3f70e000 	C:\WINDOWS\System32\ADVAPI32.dll
0x00007ffd3e970000 - 0x00007ffd3ea0c000 	C:\WINDOWS\System32\sechost.dll
0x00007ffd3f740000 - 0x00007ffd3f866000 	C:\WINDOWS\System32\RPCRT4.dll
0x00007ffd3d200000 - 0x00007ffd3d24b000 	C:\WINDOWS\SYSTEM32\POWRPROF.dll
0x00007ffd38ee0000 - 0x00007ffd38ee9000 	C:\WINDOWS\SYSTEM32\WSOCK32.dll
0x00007ffd35210000 - 0x00007ffd35237000 	C:\WINDOWS\SYSTEM32\WINMM.dll
0x00007ffd3f880000 - 0x00007ffd3f8eb000 	C:\WINDOWS\System32\WS2_32.dll
0x00007ffd370d0000 - 0x00007ffd370da000 	C:\WINDOWS\SYSTEM32\VERSION.dll
0x00007ffd3d1e0000 - 0x00007ffd3d1f2000 	C:\WINDOWS\SYSTEM32\UMPDC.dll
0x00007ffd3b310000 - 0x00007ffd3b322000 	C:\WINDOWS\SYSTEM32\kernel.appcore.dll
0x00007ffd3aaf0000 - 0x00007ffd3aafa000 	C:\Users\zalan\.p2\pool\plugins\org.eclipse.justj.openjdk.hotspot.jre.full.win32.x86_64_17.0.8.v20230831-1047\jre\bin\jimage.dll
0x00007ffd32d20000 - 0x00007ffd32f04000 	C:\WINDOWS\SYSTEM32\DBGHELP.DLL
0x00007ffd27150000 - 0x00007ffd27184000 	C:\WINDOWS\SYSTEM32\dbgcore.DLL
0x00007ffd3d8a0000 - 0x00007ffd3d922000 	C:\WINDOWS\System32\bcryptPrimitives.dll
0x00007ffd31560000 - 0x00007ffd3159b000 	C:\Users\zalan\.p2\pool\plugins\org.eclipse.justj.openjdk.hotspot.jre.full.win32.x86_64_17.0.8.v20230831-1047\jre\bin\jdwp.dll
0x00007ffd331c0000 - 0x00007ffd331ce000 	C:\Users\zalan\.p2\pool\plugins\org.eclipse.justj.openjdk.hotspot.jre.full.win32.x86_64_17.0.8.v20230831-1047\jre\bin\instrument.dll
0x00007ffd38e80000 - 0x00007ffd38ea5000 	C:\Users\zalan\.p2\pool\plugins\org.eclipse.justj.openjdk.hotspot.jre.full.win32.x86_64_17.0.8.v20230831-1047\jre\bin\java.dll
0x00007ffd3aa30000 - 0x00007ffd3aa48000 	C:\Users\zalan\.p2\pool\plugins\org.eclipse.justj.openjdk.hotspot.jre.full.win32.x86_64_17.0.8.v20230831-1047\jre\bin\zip.dll
0x00007ffd3e220000 - 0x00007ffd3e964000 	C:\WINDOWS\System32\SHELL32.dll
0x00007ffd3b510000 - 0x00007ffd3bcab000 	C:\WINDOWS\SYSTEM32\windows.storage.dll
0x00007ffd3f8f0000 - 0x00007ffd3fc44000 	C:\WINDOWS\System32\combase.dll
0x00007ffd3cdc0000 - 0x00007ffd3cded000 	C:\WINDOWS\SYSTEM32\Wldp.dll
0x00007ffd3f360000 - 0x00007ffd3f40d000 	C:\WINDOWS\System32\SHCORE.dll
0x00007ffd3e100000 - 0x00007ffd3e155000 	C:\WINDOWS\System32\shlwapi.dll
0x00007ffd3d380000 - 0x00007ffd3d3a5000 	C:\WINDOWS\SYSTEM32\profapi.dll
0x00007ffd331b0000 - 0x00007ffd331bc000 	C:\Users\zalan\.p2\pool\plugins\org.eclipse.justj.openjdk.hotspot.jre.full.win32.x86_64_17.0.8.v20230831-1047\jre\bin\dt_socket.dll
0x00007ffd3c810000 - 0x00007ffd3c84b000 	C:\WINDOWS\SYSTEM32\IPHLPAPI.DLL
0x00007ffd3cb20000 - 0x00007ffd3cb8a000 	C:\WINDOWS\system32\mswsock.dll
0x00007ffd3c850000 - 0x00007ffd3c91a000 	C:\WINDOWS\SYSTEM32\DNSAPI.dll
0x00007ffd3f870000 - 0x00007ffd3f878000 	C:\WINDOWS\System32\NSI.dll
0x00007ffd32180000 - 0x00007ffd3218a000 	C:\Windows\System32\rasadhlp.dll
0x00007ffd322e0000 - 0x00007ffd32362000 	C:\WINDOWS\System32\fwpuclnt.dll
0x00007ffd3d820000 - 0x00007ffd3d847000 	C:\WINDOWS\System32\bcrypt.dll
0x00007ffd380e0000 - 0x00007ffd380f9000 	C:\Users\zalan\.p2\pool\plugins\org.eclipse.justj.openjdk.hotspot.jre.full.win32.x86_64_17.0.8.v20230831-1047\jre\bin\net.dll
0x00007ffd36c20000 - 0x00007ffd36d2a000 	C:\WINDOWS\SYSTEM32\WINHTTP.dll
0x00007ffd34ce0000 - 0x00007ffd34cf5000 	C:\Users\zalan\.p2\pool\plugins\org.eclipse.justj.openjdk.hotspot.jre.full.win32.x86_64_17.0.8.v20230831-1047\jre\bin\nio.dll
0x00007ffd3aad0000 - 0x00007ffd3aae0000 	C:\Users\zalan\.p2\pool\plugins\org.eclipse.justj.openjdk.hotspot.jre.full.win32.x86_64_17.0.8.v20230831-1047\jre\bin\verify.dll
0x00007ffd11810000 - 0x00007ffd1188b000 	C:\Users\zalan\AppData\Local\Temp\lwjgl_zalan\3.3.3+5\x64\lwjgl.dll
0x00007ffcdad00000 - 0x00007ffcdaf70000 	C:\Users\zalan\AppData\Local\Temp\lwjgl_zalan\3.3.3+5\x64\jemalloc.dll
0x00007ffcdb140000 - 0x00007ffcdb1c2000 	C:\Users\zalan\AppData\Local\Temp\lwjgl_zalan\3.3.3+5\x64\glfw.dll
0x00007ffd19510000 - 0x00007ffd19555000 	C:\WINDOWS\SYSTEM32\dinput8.dll
0x00007ffd22b80000 - 0x00007ffd22b91000 	C:\WINDOWS\SYSTEM32\xinput1_4.dll
0x00007ffd3d850000 - 0x00007ffd3d89e000 	C:\WINDOWS\System32\cfgmgr32.dll
0x00007ffd3d170000 - 0x00007ffd3d1a3000 	C:\WINDOWS\SYSTEM32\DEVOBJ.dll
0x00007ffd3b020000 - 0x00007ffd3b04f000 	C:\WINDOWS\SYSTEM32\dwmapi.dll
0x00007ffd27480000 - 0x00007ffd275d2000 	C:\WINDOWS\SYSTEM32\inputhost.dll
0x00007ffd3ea10000 - 0x00007ffd3eadd000 	C:\WINDOWS\System32\OLEAUT32.dll
0x00007ffd39f00000 - 0x00007ffd3a055000 	C:\WINDOWS\SYSTEM32\wintypes.dll
0x00007ffd3a930000 - 0x00007ffd3aa22000 	C:\WINDOWS\SYSTEM32\CoreMessaging.dll
0x00007ffd38fa0000 - 0x00007ffd39096000 	C:\WINDOWS\SYSTEM32\PROPSYS.dll
0x00007ffd3a5d0000 - 0x00007ffd3a92b000 	C:\WINDOWS\SYSTEM32\CoreUIComponents.dll
0x00007ffd3c550000 - 0x00007ffd3c583000 	C:\WINDOWS\SYSTEM32\ntmarta.dll
0x00007ffd3ae20000 - 0x00007ffd3aebe000 	C:\WINDOWS\system32\uxtheme.dll
0x00007ffd3dfe0000 - 0x00007ffd3e0f4000 	C:\WINDOWS\System32\MSCTF.dll
0x00007ffce07c0000 - 0x00007ffce08e5000 	C:\WINDOWS\SYSTEM32\opengl32.dll
0x00007ffd212a0000 - 0x00007ffd212cc000 	C:\WINDOWS\SYSTEM32\GLU32.dll
0x00007ffd3f040000 - 0x00007ffd3f0e9000 	C:\WINDOWS\System32\clbcatq.dll
0x00007ffc90920000 - 0x00007ffc94baa000 	C:\WINDOWS\System32\DriverStore\FileRepository\nv_dispig.inf_amd64_7e5fd280efaa5445\nvoglv64.dll
0x00007ffd3ebd0000 - 0x00007ffd3f03e000 	C:\WINDOWS\System32\SETUPAPI.dll
0x00007ffd3de30000 - 0x00007ffd3df5b000 	C:\WINDOWS\System32\ole32.dll
0x00007ffd39100000 - 0x00007ffd39114000 	C:\WINDOWS\SYSTEM32\WTSAPI32.dll
0x00007ffd3cfb0000 - 0x00007ffd3cfc2000 	C:\WINDOWS\SYSTEM32\msasn1.dll
0x00007ffd35cd0000 - 0x00007ffd35d01000 	C:\WINDOWS\SYSTEM32\cryptnet.dll
0x00007ffd3db50000 - 0x00007ffd3dcad000 	C:\WINDOWS\System32\CRYPT32.dll
0x00007ffd35b80000 - 0x00007ffd35cc8000 	C:\WINDOWS\SYSTEM32\drvstore.dll
0x00007ffd3cd10000 - 0x00007ffd3cd1c000 	C:\WINDOWS\SYSTEM32\cryptbase.dll
0x00007ffd3dd60000 - 0x00007ffd3ddc7000 	C:\WINDOWS\System32\WINTRUST.dll
0x00007ffd35d10000 - 0x00007ffd35d4b000 	C:\WINDOWS\SYSTEM32\dxcore.dll
0x00007ffcf0870000 - 0x00007ffcf0b41000 	C:\WINDOWS\system32\nvspcap64.dll
0x00007ffd3ce60000 - 0x00007ffd3cebb000 	C:\WINDOWS\SYSTEM32\WINSTA.dll
0x00007ffd275e0000 - 0x00007ffd276da000 	C:\WINDOWS\SYSTEM32\textinputframework.dll
0x00007ffd16100000 - 0x00007ffd1615e000 	C:\Users\zalan\AppData\Local\Temp\lwjgl_zalan\3.3.3+5\x64\lwjgl_opengl.dll

dbghelp: loaded successfully - version: 4.0.5 - missing functions: none
symbol engine: initialized successfully - sym options: 0x614 - pdb path: .;C:\Users\zalan\.p2\pool\plugins\org.eclipse.justj.openjdk.hotspot.jre.full.win32.x86_64_17.0.8.v20230831-1047\jre\bin;C:\WINDOWS\SYSTEM32;C:\WINDOWS\WinSxS\amd64_microsoft.windows.common-controls_6595b64144ccf1df_6.0.19041.3570_none_60bb2a3971f3e41a;C:\Users\zalan\.p2\pool\plugins\org.eclipse.justj.openjdk.hotspot.jre.full.win32.x86_64_17.0.8.v20230831-1047\jre\bin\server;C:\Users\zalan\AppData\Local\Temp\lwjgl_zalan\3.3.3+5\x64;C:\WINDOWS\System32\DriverStore\FileRepository\nv_dispig.inf_amd64_7e5fd280efaa5445

VM Arguments:
jvm_args: -XX:+ShowCodeDetailsInExceptionMessages -agentlib:jdwp=transport=dt_socket,suspend=y,address=localhost:56813 -javaagent:C:\Users\zalan\eclipse\java-2023-09\eclipse\configuration\org.eclipse.osgi\252\0\.cp\lib\javaagent-shaded.jar -Dfile.encoding=UTF-8 -Dstdout.encoding=UTF-8 -Dstderr.encoding=UTF-8 
java_command: lwjgl.FirstProject
java_class_path (initial): C:\dev\GameEngine\gameengine\target\classes;C:\Users\zalan\.m2\repository\org\lwjgl\lwjgl\3.3.3\lwjgl-3.3.3.jar;C:\Users\zalan\.m2\repository\org\lwjgl\lwjgl-assimp\3.3.3\lwjgl-assimp-3.3.3.jar;C:\Users\zalan\.m2\repository\org\lwjgl\lwjgl-bgfx\3.3.3\lwjgl-bgfx-3.3.3.jar;C:\Users\zalan\.m2\repository\org\lwjgl\lwjgl-cuda\3.3.3\lwjgl-cuda-3.3.3.jar;C:\Users\zalan\.m2\repository\org\lwjgl\lwjgl-egl\3.3.3\lwjgl-egl-3.3.3.jar;C:\Users\zalan\.m2\repository\org\lwjgl\lwjgl-fmod\3.3.3\lwjgl-fmod-3.3.3.jar;C:\Users\zalan\.m2\repository\org\lwjgl\lwjgl-freetype\3.3.3\lwjgl-freetype-3.3.3.jar;C:\Users\zalan\.m2\repository\org\lwjgl\lwjgl-glfw\3.3.3\lwjgl-glfw-3.3.3.jar;C:\Users\zalan\.m2\repository\org\lwjgl\lwjgl-harfbuzz\3.3.3\lwjgl-harfbuzz-3.3.3.jar;C:\Users\zalan\.m2\repository\org\lwjgl\lwjgl-hwloc\3.3.3\lwjgl-hwloc-3.3.3.jar;C:\Users\zalan\.m2\repository\org\lwjgl\lwjgl-jawt\3.3.3\lwjgl-jawt-3.3.3.jar;C:\Users\zalan\.m2\repository\org\lwjgl\lwjgl-jemalloc\3.3.3\lwjgl-jemalloc-3.3.3.jar;C:\Users\zalan\.m2\repository\org\lwjgl\lwjgl-ktx\3.3.3\lwjgl-ktx-3.3.3.jar;C:\Users\zalan\.m2\repository\org\lwjgl\lwjgl-libdivide\3.3.3\lwjgl-libdivide-3.3.3.jar;C:\Users\zalan\.m2\repository\org\lwjgl\lwjgl-llvm\3.3.3\lwjgl-llvm-3.3.3.jar;C:\Users\zalan\.m2\repository\org\lwjgl\lwjgl-lmdb\3.3.3\lwjgl-lmdb-3.3.3.jar;C:\Users\zalan\.m2\repository\org\lwjgl\lwjgl-lz4\3.3.3\lwjgl-lz4-3.3.3.jar;C:\Users\zalan\.m2\repository\org\lwjgl\lwjgl-meow\3.3.3\lwjgl-meow-3.3.3.jar;C:\Users\zalan\.m2\repository\org\lwjgl\lwjgl-meshoptimizer\3.3.3\lwjgl-meshoptimizer-3.3.3.jar;C:\Users\zalan\.m2\repository\org\lwjgl\lwjgl-nanovg\3.3.3\lwjgl-nanovg-3.3.3.jar;C:\Users\zalan\.m2\repository\org\lwjgl\lwjgl-nfd\3.3.3\lwjgl-nfd-3.3.3.jar;C:\Users\zalan\.m2\repository\org\lwjgl\lwjgl-nuklear\3.3.3\lwjgl-nuklear-3.3.3.jar;C:\Users\zalan\.m2\repository\org\lwjgl\lwjgl-odbc\3.3.3\lwjgl-odbc-3.3.3.jar;C:\Users\zalan\.m2\repository\org\lwjgl\lwjgl-openal\3.3.3\lwjgl-openal-3.3.3.jar;C
Launcher Type: SUN_STANDARD

[Global flags]
     intx CICompilerCount                          = 12                                        {product} {ergonomic}
     uint ConcGCThreads                            = 3                                         {product} {ergonomic}
     uint G1ConcRefinementThreads                  = 13                                        {product} {ergonomic}
   size_t G1HeapRegionSize                         = 2097152                                   {product} {ergonomic}
    uintx GCDrainStackTargetSize                   = 64                                        {product} {ergonomic}
   size_t InitialHeapSize                          = 268435456                                 {product} {ergonomic}
   size_t MarkStackSize                            = 4194304                                   {product} {ergonomic}
   size_t MaxHeapSize                              = 4278190080                                {product} {ergonomic}
   size_t MaxNewSize                               = 2566914048                                {product} {ergonomic}
   size_t MinHeapDeltaBytes                        = 2097152                                   {product} {ergonomic}
   size_t MinHeapSize                              = 8388608                                   {product} {ergonomic}
    uintx NonNMethodCodeHeapSize                   = 7602480                                {pd product} {ergonomic}
    uintx NonProfiledCodeHeapSize                  = 122027880                              {pd product} {ergonomic}
    uintx ProfiledCodeHeapSize                     = 122027880                              {pd product} {ergonomic}
    uintx ReservedCodeCacheSize                    = 251658240                              {pd product} {ergonomic}
     bool SegmentedCodeCache                       = true                                      {product} {ergonomic}
     bool ShowCodeDetailsInExceptionMessages       = true                                   {manageable} {command line}
   size_t SoftMaxHeapSize                          = 4278190080                             {manageable} {ergonomic}
     bool UseCompressedClassPointers               = true                           {product lp64_product} {ergonomic}
     bool UseCompressedOops                        = true                           {product lp64_product} {ergonomic}
     bool UseG1GC                                  = true                                      {product} {ergonomic}
     bool UseLargePagesIndividualAllocation        = false                                  {pd product} {ergonomic}

Logging:
Log output configuration:
 #0: stdout all=warning uptime,level,tags
 #1: stderr all=off uptime,level,tags

Environment Variables:
PATH=C:\Users\zalan\.p2\pool\plugins\org.eclipse.justj.openjdk.hotspot.jre.full.win32.x86_64_17.0.8.v20230831-1047\jre\bin;C:/Users/zalan/.p2/pool/plugins/org.eclipse.justj.openjdk.hotspot.jre.full.win32.x86_64_17.0.8.v20230831-1047/jre/bin/server;C:/Users/zalan/.p2/pool/plugins/org.eclipse.justj.openjdk.hotspot.jre.full.win32.x86_64_17.0.8.v20230831-1047/jre/bin;C:\Program Files (x86)\NVIDIA Corporation\PhysX\Common;C:\WINDOWS\system32;C:\WINDOWS;C:\WINDOWS\System32\Wbem;C:\WINDOWS\System32\WindowsPowerShell\v1.0\;C:\WINDOWS\System32\OpenSSH\;C:\Program Files\NVIDIA Corporation\NVIDIA NvDLISR;C:\Users\zalan\AppData\Local\Programs\Python\Python311\Scripts\;C:\Users\zalan\AppData\Local\Programs\Python\Python311\;C:\Users\zalan\AppData\Local\Microsoft\WindowsApps;;C:\Program Files\JetBrains\IntelliJ IDEA Community Edition 2023.1.1\bin;;C:\Users\zalan\OneDrive\Desktop;
USERNAME=zalan
OS=Windows_NT
PROCESSOR_IDENTIFIER=AMD64 Family 23 Model 1 Stepping 1, AuthenticAMD
TMP=C:\Users\zalan\AppData\Local\Temp
TEMP=C:\Users\zalan\AppData\Local\Temp



---------------  S Y S T E M  ---------------

OS:
 Windows 10 , 64 bit Build 19041 (10.0.19041.3570)
OS uptime: 12 days 3:51 hours

CPU: total 16 (initial active 16) (16 cores per cpu, 2 threads per core) family 23 model 1 stepping 1 microcode 0x0, cx8, cmov, fxsr, ht, mmx, 3dnowpref, sse, sse2, sse3, ssse3, sse4a, sse4.1, sse4.2, popcnt, lzcnt, tsc, tscinvbit, avx, avx2, aes, clmul, bmi1, bmi2, adx, sha, fma, vzeroupper, clflush, clflushopt
Processor Information for all 16 processors :
  Max Mhz: 3000, Current Mhz: 3000, Mhz Limit: 3000

Memory: 4k page, system-wide physical 16314M (5494M free)
TotalPageFile size 20823M (AvailPageFile size 3881M)
current process WorkingSet (physical memory assigned to process): 150M, peak: 152M
current process commit charge ("private bytes"): 455M, peak: 457M

vm_info: OpenJDK 64-Bit Server VM (17.0.8.1+1) for windows-amd64 JRE (17.0.8.1+1), built on Aug 23 2023 15:29:17 by "admin" with MS VC++ 16.7 (VS2019)

END.
