#
# A fatal error has been detected by the Java Runtime Environment:
#
#  EXCEPTION_ACCESS_VIOLATION (0xc0000005) at pc=0x00007ffc9225cbe8, pid=16804, tid=12328
#
# JRE version: OpenJDK Runtime Environment Temurin-17.0.8.1+1 (17.0.8.1+1) (build 17.0.8.1+1)
# Java VM: OpenJDK 64-Bit Server VM Temurin-17.0.8.1+1 (17.0.8.1+1, mixed mode, tiered, compressed oops, compressed class ptrs, g1 gc, windows-amd64)
# Problematic frame:
# C  [nvoglv64.dll+0x193cbe8]
#
# No core dump will be written. Minidumps are not enabled by default on client versions of Windows
#
# If you would like to submit a bug report, please visit:
#   https://github.com/adoptium/adoptium-support/issues
# The crash happened outside the Java Virtual Machine in native code.
# See problematic frame for where to report the bug.
#

---------------  S U M M A R Y ------------

Command Line: -XX:+ShowCodeDetailsInExceptionMessages -agentlib:jdwp=transport=dt_socket,suspend=y,address=localhost:56842 -javaagent:C:\Users\zalan\eclipse\java-2023-09\eclipse\configuration\org.eclipse.osgi\252\0\.cp\lib\javaagent-shaded.jar -Dfile.encoding=UTF-8 -Dstdout.encoding=UTF-8 -Dstderr.encoding=UTF-8 lwjgl.FirstProject

Host: AMD Ryzen 7 1700 Eight-Core Processor          , 16 cores, 15G,  Windows 10 , 64 bit Build 19041 (10.0.19041.3570)
Time: Mon Oct 23 22:36:08 2023 Eastern Daylight Time elapsed time: 0.953150 seconds (0d 0h 0m 0s)

---------------  T H R E A D  ---------------

Current thread (0x0000022a1c185e90):  JavaThread "main" [_thread_in_native, id=12328, stack(0x00000062e4300000,0x00000062e4400000)]

Stack: [0x00000062e4300000,0x00000062e4400000],  sp=0x00000062e43ff3f8,  free space=1020k
Native frames: (J=compiled Java code, j=interpreted, Vv=VM code, C=native code)
C  [nvoglv64.dll+0x193cbe8]

Java frames: (J=compiled Java code, j=interpreted, Vv=VM code)
j  org.lwjgl.opengl.GL15C.nglBufferData(IJJI)V+0
j  org.lwjgl.opengl.GL15C.glBufferData(ILjava/nio/FloatBuffer;I)V+15
j  org.lwjgl.opengl.GL15.glBufferData(ILjava/nio/FloatBuffer;I)V+3
j  lwjgl.VertexBuffer.init(Ljava/nio/FloatBuffer;)V+16
j  lwjgl.VertexBuffer.<init>(Ljava/nio/FloatBuffer;)V+6
j  lwjgl.FirstProject.main([Ljava/lang/String;)V+225
v  ~StubRoutines::call_stub

siginfo: EXCEPTION_ACCESS_VIOLATION (0xc0000005), reading address 0x0000000000000010


Register to memory mapping:

RIP=0x00007ffc9225cbe8 nvoglv64.dll
RAX=0x0000022a415dff6c points into unknown readable memory: 00 00 00 00
RBX=0x0000000000000010 is an unknown value
RCX=0x00007ffc9225cbe8 nvoglv64.dll
RDX=0x0000000000000010 is an unknown value
RSP=0x00000062e43ff3f8 is pointing into the stack for thread: 0x0000022a1c185e90
RBP=0x0000000000000020 is an unknown value
RSI=0x0000022a415dff6c points into unknown readable memory: 00 00 00 00
RDI=0x0000000000000004 is an unknown value
R8 =0x0000000000000004 is an unknown value
R9 =0x00007ffc90920000 nvoglv64.dll
R10=0x0000000000000010 is an unknown value
R11=0x0000022a415dff6c points into unknown readable memory: 00 00 00 00
R12=0x0000000000008892 is an unknown value
R13=0x0000000000000020 is an unknown value
R14=0x0000000000030022 is an unknown value
R15=0x00000000000088e4 is an unknown value


Registers:
RAX=0x0000022a415dff6c, RBX=0x0000000000000010, RCX=0x00007ffc9225cbe8, RDX=0x0000000000000010
RSP=0x00000062e43ff3f8, RBP=0x0000000000000020, RSI=0x0000022a415dff6c, RDI=0x0000000000000004
R8 =0x0000000000000004, R9 =0x00007ffc90920000, R10=0x0000000000000010, R11=0x0000022a415dff6c
R12=0x0000000000008892, R13=0x0000000000000020, R14=0x0000000000030022, R15=0x00000000000088e4
RIP=0x00007ffc9225cbe8, EFLAGS=0x0000000000010206

Top of Stack: (sp=0x00000062e43ff3f8)
0x00000062e43ff3f8:   00007ffc91dfc9a2 0000022a1c185e90
0x00000062e43ff408:   00000062e43ff598 00000062e43ff598
0x00000062e43ff418:   00000000000088e4 0000000000076a2c
0x00000062e43ff428:   00007ffc91813117 0000000000000020
0x00000062e43ff438:   0000022a42b00080 0000000000000010
0x00000062e43ff448:   0000000000008892 0000022a1c185e90
0x00000062e43ff458:   00007ffca7467fde 0000022a00000001
0x00000062e43ff468:   0000000000000000 0000000000000000
0x00000062e43ff478:   0000022a415dff6c 0000022a1c185e90
0x00000062e43ff488:   00000062e43ff598 0000022a3cc752b8
0x00000062e43ff498:   0000000000000000 0000000000000120
0x00000062e43ff4a8:   0000022a26ca1366 0000022a3cc752b8
0x00000062e43ff4b8:   00000062e43ff550 0000000000000010
0x00000062e43ff4c8:   0000022a3c981d58 0000000000000010
0x00000062e43ff4d8:   0000022a000088e4 0000022a3cc752b8
0x00000062e43ff4e8:   0000000000000010 00000062e43ff508 

Instructions: (pc=0x00007ffc9225cbe8)
0x00007ffc9225cae8:   cc cc cc cc cc cc cc cc cc cc cc cc cc cc 66 66
0x00007ffc9225caf8:   0f 1f 84 00 00 00 00 00 57 56 49 8b c3 48 8b f9
0x00007ffc9225cb08:   49 8b c8 49 8b f2 f3 a4 5e 5f c3 cc cc cc cc cc
0x00007ffc9225cb18:   cc 0f 1f 80 00 00 00 00 4c 8b d9 4c 8b d2 49 83
0x00007ffc9225cb28:   f8 10 76 54 49 83 f8 20 76 2e 48 2b d1 73 0d 4b
0x00007ffc9225cb38:   8d 04 10 48 3b c8 0f 82 dc 02 00 00 49 81 f8 80
0x00007ffc9225cb48:   00 00 00 0f 86 0f 02 00 00 f6 05 78 80 75 02 02
0x00007ffc9225cb58:   0f 84 52 01 00 00 eb a0 0f 10 02 42 0f 10 4c 02
0x00007ffc9225cb68:   f0 0f 11 01 42 0f 11 4c 01 f0 48 8b c1 c3 66 66
0x00007ffc9225cb78:   0f 1f 84 00 00 00 00 00 48 8b c1 4c 8d 0d 76 34
0x00007ffc9225cb88:   6c fe 43 8b 8c 81 10 9a 22 04 49 03 c9 ff e1 66
0x00007ffc9225cb98:   0f 1f 84 00 00 00 00 00 c3 0f b7 0a 66 89 08 c3
0x00007ffc9225cba8:   48 8b 0a 48 89 08 c3 0f b7 0a 44 0f b6 42 02 66
0x00007ffc9225cbb8:   89 08 44 88 40 02 c3 0f b6 0a 88 08 c3 f3 0f 6f
0x00007ffc9225cbc8:   02 f3 0f 7f 00 c3 66 90 4c 8b 02 0f b7 4a 08 44
0x00007ffc9225cbd8:   0f b6 4a 0a 4c 89 00 66 89 48 08 44 88 48 0a c3
0x00007ffc9225cbe8:   8b 0a 89 08 c3 0f 1f 00 8b 0a 44 0f b6 42 04 89
0x00007ffc9225cbf8:   08 44 88 40 04 c3 66 90 8b 0a 44 0f b7 42 04 89
0x00007ffc9225cc08:   08 66 44 89 40 04 c3 90 8b 0a 44 0f b7 42 04 44
0x00007ffc9225cc18:   0f b6 4a 06 89 08 66 44 89 40 04 44 88 48 06 c3
0x00007ffc9225cc28:   4c 8b 02 8b 4a 08 44 0f b6 4a 0c 4c 89 00 89 48
0x00007ffc9225cc38:   08 44 88 48 0c c3 66 90 4c 8b 02 0f b6 4a 08 4c
0x00007ffc9225cc48:   89 00 88 48 08 c3 66 90 4c 8b 02 0f b7 4a 08 4c
0x00007ffc9225cc58:   89 00 66 89 48 08 c3 90 4c 8b 02 8b 4a 08 4c 89
0x00007ffc9225cc68:   00 89 48 08 c3 0f 1f 00 4c 8b 02 8b 4a 08 44 0f
0x00007ffc9225cc78:   b7 4a 0c 4c 89 00 89 48 08 66 44 89 48 0c c3 66
0x00007ffc9225cc88:   0f 1f 84 00 00 00 00 00 4c 8b 02 8b 4a 08 44 0f
0x00007ffc9225cc98:   b7 4a 0c 44 0f b6 52 0e 4c 89 00 89 48 08 66 44
0x00007ffc9225cca8:   89 48 0c 44 88 50 0e c3 0f 10 04 11 4c 03 c1 48
0x00007ffc9225ccb8:   83 c1 10 41 f6 c3 0f 74 13 0f 28 c8 48 83 e1 f0
0x00007ffc9225ccc8:   0f 10 04 11 48 83 c1 10 41 0f 11 0b 4c 2b c1 4d
0x00007ffc9225ccd8:   8b c8 49 c1 e9 07 0f 84 88 00 00 00 0f 29 41 f0 


Stack slot to memory mapping:
stack at sp + 0 slots: 0x00007ffc91dfc9a2 nvoglv64.dll
stack at sp + 1 slots: 0x0000022a1c185e90 is a thread
stack at sp + 2 slots: 0x00000062e43ff598 is pointing into the stack for thread: 0x0000022a1c185e90
stack at sp + 3 slots: 0x00000062e43ff598 is pointing into the stack for thread: 0x0000022a1c185e90
stack at sp + 4 slots: 0x00000000000088e4 is an unknown value
stack at sp + 5 slots: 0x0000000000076a2c is an unknown value
stack at sp + 6 slots: 0x00007ffc91813117 nvoglv64.dll
stack at sp + 7 slots: 0x0000000000000020 is an unknown value


---------------  P R O C E S S  ---------------

Threads class SMR info:
_java_thread_list=0x0000022a4168cfc0, length=20, elements={
0x0000022a1c185e90, 0x0000022a3b951960, 0x0000022a3b9526f0, 0x0000022a3b992e80,
0x0000022a3b9940f0, 0x0000022a3b9a14a0, 0x0000022a3b9a2510, 0x0000022a3b9a7550,
0x0000022a3b9ab620, 0x0000022a3b9bce90, 0x0000022a3ba89350, 0x0000022a3bb310f0,
0x0000022a3bc2fc80, 0x0000022a40358810, 0x0000022a3bc7e830, 0x0000022a4073e580,
0x0000022a415b75f0, 0x0000022a4167c9e0, 0x0000022a416c96d0, 0x0000022a417cdbd0
}

Java Threads: ( => current thread )
=>0x0000022a1c185e90 JavaThread "main" [_thread_in_native, id=12328, stack(0x00000062e4300000,0x00000062e4400000)]
  0x0000022a3b951960 JavaThread "Reference Handler" daemon [_thread_blocked, id=3080, stack(0x00000062e4a00000,0x00000062e4b00000)]
  0x0000022a3b9526f0 JavaThread "Finalizer" daemon [_thread_blocked, id=2984, stack(0x00000062e4b00000,0x00000062e4c00000)]
  0x0000022a3b992e80 JavaThread "Signal Dispatcher" daemon [_thread_blocked, id=6940, stack(0x00000062e4c00000,0x00000062e4d00000)]
  0x0000022a3b9940f0 JavaThread "Attach Listener" daemon [_thread_blocked, id=636, stack(0x00000062e4d00000,0x00000062e4e00000)]
  0x0000022a3b9a14a0 JavaThread "Service Thread" daemon [_thread_blocked, id=11588, stack(0x00000062e4e00000,0x00000062e4f00000)]
  0x0000022a3b9a2510 JavaThread "Monitor Deflation Thread" daemon [_thread_blocked, id=11672, stack(0x00000062e4f00000,0x00000062e5000000)]
  0x0000022a3b9a7550 JavaThread "C2 CompilerThread0" daemon [_thread_in_native, id=16520, stack(0x00000062e5000000,0x00000062e5100000)]
  0x0000022a3b9ab620 JavaThread "C1 CompilerThread0" daemon [_thread_blocked, id=15184, stack(0x00000062e5100000,0x00000062e5200000)]
  0x0000022a3b9bce90 JavaThread "Sweeper thread" daemon [_thread_blocked, id=7544, stack(0x00000062e5200000,0x00000062e5300000)]
  0x0000022a3ba89350 JavaThread "Common-Cleaner" daemon [_thread_blocked, id=14768, stack(0x00000062e5300000,0x00000062e5400000)]
  0x0000022a3bb310f0 JavaThread "C1 CompilerThread1" daemon [_thread_blocked, id=5772, stack(0x00000062e5400000,0x00000062e5500000)]
  0x0000022a3bc2fc80 JavaThread "JDWP Transport Listener: dt_socket" daemon [_thread_blocked, id=5940, stack(0x00000062e5600000,0x00000062e5700000)]
  0x0000022a40358810 JavaThread "JDWP Event Helper Thread" daemon [_thread_blocked, id=8616, stack(0x00000062e5700000,0x00000062e5800000)]
  0x0000022a3bc7e830 JavaThread "JDWP Command Reader" daemon [_thread_in_native, id=16060, stack(0x00000062e5800000,0x00000062e5900000)]
  0x0000022a4073e580 JavaThread "Notification Thread" daemon [_thread_blocked, id=4964, stack(0x00000062e5a00000,0x00000062e5b00000)]
  0x0000022a415b75f0 JavaThread "C1 CompilerThread2" daemon [_thread_blocked, id=13404, stack(0x00000062e5500000,0x00000062e5600000)]
  0x0000022a4167c9e0 JavaThread "C1 CompilerThread3" daemon [_thread_blocked, id=10800, stack(0x00000062e5900000,0x00000062e5a00000)]
  0x0000022a416c96d0 JavaThread "C2 CompilerThread1" daemon [_thread_in_native, id=18028, stack(0x00000062e6900000,0x00000062e6a00000)]
  0x0000022a417cdbd0 JavaThread "C2 CompilerThread2" daemon [_thread_blocked, id=19748, stack(0x00000062e6a00000,0x00000062e6b00000)]

Other Threads:
  0x0000022a3b94fb20 VMThread "VM Thread" [stack: 0x00000062e4900000,0x00000062e4a00000] [id=11604]
  0x0000022a3bb85c20 WatcherThread [stack: 0x00000062e5b00000,0x00000062e5c00000] [id=12896]
  0x0000022a1c1f2070 GCTaskThread "GC Thread#0" [stack: 0x00000062e4400000,0x00000062e4500000] [id=11296]
  0x0000022a4168ab20 GCTaskThread "GC Thread#1" [stack: 0x00000062e6200000,0x00000062e6300000] [id=916]
  0x0000022a4168ade0 GCTaskThread "GC Thread#2" [stack: 0x00000062e6300000,0x00000062e6400000] [id=17448]
  0x0000022a4168b0a0 GCTaskThread "GC Thread#3" [stack: 0x00000062e6400000,0x00000062e6500000] [id=8196]
  0x0000022a4168bb70 GCTaskThread "GC Thread#4" [stack: 0x00000062e6500000,0x00000062e6600000] [id=9952]
  0x0000022a40e36be0 GCTaskThread "GC Thread#5" [stack: 0x00000062e6600000,0x00000062e6700000] [id=5024]
  0x0000022a416b4000 GCTaskThread "GC Thread#6" [stack: 0x00000062e6700000,0x00000062e6800000] [id=11924]
  0x0000022a416b48e0 GCTaskThread "GC Thread#7" [stack: 0x00000062e6800000,0x00000062e6900000] [id=9204]
  0x0000022a1c203570 ConcurrentGCThread "G1 Main Marker" [stack: 0x00000062e4500000,0x00000062e4600000] [id=19116]
  0x0000022a1c203e90 ConcurrentGCThread "G1 Conc#0" [stack: 0x00000062e4600000,0x00000062e4700000] [id=6984]
  0x0000022a1c23eaf0 ConcurrentGCThread "G1 Refine#0" [stack: 0x00000062e4700000,0x00000062e4800000] [id=16392]
  0x0000022a3b7a37b0 ConcurrentGCThread "G1 Service" [stack: 0x00000062e4800000,0x00000062e4900000] [id=13684]

Threads with active compile tasks:
C2 CompilerThread0     1010 1195       4       org.eclipse.jdt.launching.internal.org.objectweb.asm.ClassVisitor::visitMethod (24 bytes)
C2 CompilerThread1     1010 1194       4       org.eclipse.jdt.launching.internal.org.objectweb.asm.ClassReader::readMethod (1066 bytes)

VM state: not at safepoint (normal execution)

VM Mutex/Monitor currently owned by a thread: None

Heap address: 0x0000000701000000, size: 4080 MB, Compressed Oops mode: Zero based, Oop shift amount: 3

CDS archive(s) not mapped
Compressed class space mapped at: 0x0000000800000000-0x0000000840000000, reserved size: 1073741824
Narrow klass base: 0x0000000800000000, Narrow klass shift: 0, Narrow klass range: 0x40000000

GC Precious Log:
 CPUs: 16 total, 16 available
 Memory: 16314M
 Large Page Support: Disabled
 NUMA Support: Disabled
 Compressed Oops: Enabled (Zero based)
 Heap Region Size: 2M
 Heap Min Capacity: 8M
 Heap Initial Capacity: 256M
 Heap Max Capacity: 4080M
 Pre-touch: Disabled
 Parallel Workers: 13
 Concurrent Workers: 3
 Concurrent Refinement Workers: 13
 Periodic GC: Disabled

Heap:
 garbage-first heap   total 262144K, used 13977K [0x0000000701000000, 0x0000000800000000)
  region size 2048K, 8 young (16384K), 2 survivors (4096K)
 Metaspace       used 13700K, committed 13888K, reserved 1114112K
  class space    used 1032K, committed 1152K, reserved 1048576K

Heap Regions: E=young(eden), S=young(survivor), O=old, HS=humongous(starts), HC=humongous(continues), CS=collection set, F=free, OA=open archive, CA=closed archive, TAMS=top-at-mark-start (previous, next)
|   0|0x0000000701000000, 0x0000000701000000, 0x0000000701200000|  0%| F|  |TAMS 0x0000000701000000, 0x0000000701000000| Untracked 
|   1|0x0000000701200000, 0x0000000701200000, 0x0000000701400000|  0%| F|  |TAMS 0x0000000701200000, 0x0000000701200000| Untracked 
|   2|0x0000000701400000, 0x0000000701400000, 0x0000000701600000|  0%| F|  |TAMS 0x0000000701400000, 0x0000000701400000| Untracked 
|   3|0x0000000701600000, 0x0000000701600000, 0x0000000701800000|  0%| F|  |TAMS 0x0000000701600000, 0x0000000701600000| Untracked 
|   4|0x0000000701800000, 0x0000000701800000, 0x0000000701a00000|  0%| F|  |TAMS 0x0000000701800000, 0x0000000701800000| Untracked 
|   5|0x0000000701a00000, 0x0000000701a00000, 0x0000000701c00000|  0%| F|  |TAMS 0x0000000701a00000, 0x0000000701a00000| Untracked 
|   6|0x0000000701c00000, 0x0000000701c00000, 0x0000000701e00000|  0%| F|  |TAMS 0x0000000701c00000, 0x0000000701c00000| Untracked 
|   7|0x0000000701e00000, 0x0000000701e00000, 0x0000000702000000|  0%| F|  |TAMS 0x0000000701e00000, 0x0000000701e00000| Untracked 
|   8|0x0000000702000000, 0x0000000702000000, 0x0000000702200000|  0%| F|  |TAMS 0x0000000702000000, 0x0000000702000000| Untracked 
|   9|0x0000000702200000, 0x0000000702200000, 0x0000000702400000|  0%| F|  |TAMS 0x0000000702200000, 0x0000000702200000| Untracked 
|  10|0x0000000702400000, 0x0000000702400000, 0x0000000702600000|  0%| F|  |TAMS 0x0000000702400000, 0x0000000702400000| Untracked 
|  11|0x0000000702600000, 0x0000000702600000, 0x0000000702800000|  0%| F|  |TAMS 0x0000000702600000, 0x0000000702600000| Untracked 
|  12|0x0000000702800000, 0x0000000702800000, 0x0000000702a00000|  0%| F|  |TAMS 0x0000000702800000, 0x0000000702800000| Untracked 
|  13|0x0000000702a00000, 0x0000000702a00000, 0x0000000702c00000|  0%| F|  |TAMS 0x0000000702a00000, 0x0000000702a00000| Untracked 
|  14|0x0000000702c00000, 0x0000000702c00000, 0x0000000702e00000|  0%| F|  |TAMS 0x0000000702c00000, 0x0000000702c00000| Untracked 
|  15|0x0000000702e00000, 0x0000000702e00000, 0x0000000703000000|  0%| F|  |TAMS 0x0000000702e00000, 0x0000000702e00000| Untracked 
|  16|0x0000000703000000, 0x0000000703000000, 0x0000000703200000|  0%| F|  |TAMS 0x0000000703000000, 0x0000000703000000| Untracked 
|  17|0x0000000703200000, 0x0000000703200000, 0x0000000703400000|  0%| F|  |TAMS 0x0000000703200000, 0x0000000703200000| Untracked 
|  18|0x0000000703400000, 0x0000000703400000, 0x0000000703600000|  0%| F|  |TAMS 0x0000000703400000, 0x0000000703400000| Untracked 
|  19|0x0000000703600000, 0x0000000703600000, 0x0000000703800000|  0%| F|  |TAMS 0x0000000703600000, 0x0000000703600000| Untracked 
|  20|0x0000000703800000, 0x0000000703800000, 0x0000000703a00000|  0%| F|  |TAMS 0x0000000703800000, 0x0000000703800000| Untracked 
|  21|0x0000000703a00000, 0x0000000703a00000, 0x0000000703c00000|  0%| F|  |TAMS 0x0000000703a00000, 0x0000000703a00000| Untracked 
|  22|0x0000000703c00000, 0x0000000703c00000, 0x0000000703e00000|  0%| F|  |TAMS 0x0000000703c00000, 0x0000000703c00000| Untracked 
|  23|0x0000000703e00000, 0x0000000703e00000, 0x0000000704000000|  0%| F|  |TAMS 0x0000000703e00000, 0x0000000703e00000| Untracked 
|  24|0x0000000704000000, 0x0000000704000000, 0x0000000704200000|  0%| F|  |TAMS 0x0000000704000000, 0x0000000704000000| Untracked 
|  25|0x0000000704200000, 0x0000000704200000, 0x0000000704400000|  0%| F|  |TAMS 0x0000000704200000, 0x0000000704200000| Untracked 
|  26|0x0000000704400000, 0x0000000704400000, 0x0000000704600000|  0%| F|  |TAMS 0x0000000704400000, 0x0000000704400000| Untracked 
|  27|0x0000000704600000, 0x0000000704600000, 0x0000000704800000|  0%| F|  |TAMS 0x0000000704600000, 0x0000000704600000| Untracked 
|  28|0x0000000704800000, 0x0000000704800000, 0x0000000704a00000|  0%| F|  |TAMS 0x0000000704800000, 0x0000000704800000| Untracked 
|  29|0x0000000704a00000, 0x0000000704a00000, 0x0000000704c00000|  0%| F|  |TAMS 0x0000000704a00000, 0x0000000704a00000| Untracked 
|  30|0x0000000704c00000, 0x0000000704c00000, 0x0000000704e00000|  0%| F|  |TAMS 0x0000000704c00000, 0x0000000704c00000| Untracked 
|  31|0x0000000704e00000, 0x0000000704e00000, 0x0000000705000000|  0%| F|  |TAMS 0x0000000704e00000, 0x0000000704e00000| Untracked 
|  32|0x0000000705000000, 0x0000000705000000, 0x0000000705200000|  0%| F|  |TAMS 0x0000000705000000, 0x0000000705000000| Untracked 
|  33|0x0000000705200000, 0x0000000705200000, 0x0000000705400000|  0%| F|  |TAMS 0x0000000705200000, 0x0000000705200000| Untracked 
|  34|0x0000000705400000, 0x0000000705400000, 0x0000000705600000|  0%| F|  |TAMS 0x0000000705400000, 0x0000000705400000| Untracked 
|  35|0x0000000705600000, 0x0000000705600000, 0x0000000705800000|  0%| F|  |TAMS 0x0000000705600000, 0x0000000705600000| Untracked 
|  36|0x0000000705800000, 0x0000000705800000, 0x0000000705a00000|  0%| F|  |TAMS 0x0000000705800000, 0x0000000705800000| Untracked 
|  37|0x0000000705a00000, 0x0000000705a00000, 0x0000000705c00000|  0%| F|  |TAMS 0x0000000705a00000, 0x0000000705a00000| Untracked 
|  38|0x0000000705c00000, 0x0000000705c00000, 0x0000000705e00000|  0%| F|  |TAMS 0x0000000705c00000, 0x0000000705c00000| Untracked 
|  39|0x0000000705e00000, 0x0000000705e00000, 0x0000000706000000|  0%| F|  |TAMS 0x0000000705e00000, 0x0000000705e00000| Untracked 
|  40|0x0000000706000000, 0x0000000706000000, 0x0000000706200000|  0%| F|  |TAMS 0x0000000706000000, 0x0000000706000000| Untracked 
|  41|0x0000000706200000, 0x0000000706200000, 0x0000000706400000|  0%| F|  |TAMS 0x0000000706200000, 0x0000000706200000| Untracked 
|  42|0x0000000706400000, 0x0000000706400000, 0x0000000706600000|  0%| F|  |TAMS 0x0000000706400000, 0x0000000706400000| Untracked 
|  43|0x0000000706600000, 0x0000000706600000, 0x0000000706800000|  0%| F|  |TAMS 0x0000000706600000, 0x0000000706600000| Untracked 
|  44|0x0000000706800000, 0x0000000706800000, 0x0000000706a00000|  0%| F|  |TAMS 0x0000000706800000, 0x0000000706800000| Untracked 
|  45|0x0000000706a00000, 0x0000000706a00000, 0x0000000706c00000|  0%| F|  |TAMS 0x0000000706a00000, 0x0000000706a00000| Untracked 
|  46|0x0000000706c00000, 0x0000000706c00000, 0x0000000706e00000|  0%| F|  |TAMS 0x0000000706c00000, 0x0000000706c00000| Untracked 
|  47|0x0000000706e00000, 0x0000000706e00000, 0x0000000707000000|  0%| F|  |TAMS 0x0000000706e00000, 0x0000000706e00000| Untracked 
|  48|0x0000000707000000, 0x0000000707000000, 0x0000000707200000|  0%| F|  |TAMS 0x0000000707000000, 0x0000000707000000| Untracked 
|  49|0x0000000707200000, 0x0000000707200000, 0x0000000707400000|  0%| F|  |TAMS 0x0000000707200000, 0x0000000707200000| Untracked 
|  50|0x0000000707400000, 0x0000000707400000, 0x0000000707600000|  0%| F|  |TAMS 0x0000000707400000, 0x0000000707400000| Untracked 
|  51|0x0000000707600000, 0x0000000707600000, 0x0000000707800000|  0%| F|  |TAMS 0x0000000707600000, 0x0000000707600000| Untracked 
|  52|0x0000000707800000, 0x0000000707800000, 0x0000000707a00000|  0%| F|  |TAMS 0x0000000707800000, 0x0000000707800000| Untracked 
|  53|0x0000000707a00000, 0x0000000707a00000, 0x0000000707c00000|  0%| F|  |TAMS 0x0000000707a00000, 0x0000000707a00000| Untracked 
|  54|0x0000000707c00000, 0x0000000707c00000, 0x0000000707e00000|  0%| F|  |TAMS 0x0000000707c00000, 0x0000000707c00000| Untracked 
|  55|0x0000000707e00000, 0x0000000707e00000, 0x0000000708000000|  0%| F|  |TAMS 0x0000000707e00000, 0x0000000707e00000| Untracked 
|  56|0x0000000708000000, 0x0000000708000000, 0x0000000708200000|  0%| F|  |TAMS 0x0000000708000000, 0x0000000708000000| Untracked 
|  57|0x0000000708200000, 0x0000000708200000, 0x0000000708400000|  0%| F|  |TAMS 0x0000000708200000, 0x0000000708200000| Untracked 
|  58|0x0000000708400000, 0x0000000708400000, 0x0000000708600000|  0%| F|  |TAMS 0x0000000708400000, 0x0000000708400000| Untracked 
|  59|0x0000000708600000, 0x0000000708600000, 0x0000000708800000|  0%| F|  |TAMS 0x0000000708600000, 0x0000000708600000| Untracked 
|  60|0x0000000708800000, 0x0000000708800000, 0x0000000708a00000|  0%| F|  |TAMS 0x0000000708800000, 0x0000000708800000| Untracked 
|  61|0x0000000708a00000, 0x0000000708a00000, 0x0000000708c00000|  0%| F|  |TAMS 0x0000000708a00000, 0x0000000708a00000| Untracked 
|  62|0x0000000708c00000, 0x0000000708c00000, 0x0000000708e00000|  0%| F|  |TAMS 0x0000000708c00000, 0x0000000708c00000| Untracked 
|  63|0x0000000708e00000, 0x0000000708e00000, 0x0000000709000000|  0%| F|  |TAMS 0x0000000708e00000, 0x0000000708e00000| Untracked 
|  64|0x0000000709000000, 0x0000000709000000, 0x0000000709200000|  0%| F|  |TAMS 0x0000000709000000, 0x0000000709000000| Untracked 
|  65|0x0000000709200000, 0x0000000709200000, 0x0000000709400000|  0%| F|  |TAMS 0x0000000709200000, 0x0000000709200000| Untracked 
|  66|0x0000000709400000, 0x0000000709400000, 0x0000000709600000|  0%| F|  |TAMS 0x0000000709400000, 0x0000000709400000| Untracked 
|  67|0x0000000709600000, 0x0000000709600000, 0x0000000709800000|  0%| F|  |TAMS 0x0000000709600000, 0x0000000709600000| Untracked 
|  68|0x0000000709800000, 0x0000000709800000, 0x0000000709a00000|  0%| F|  |TAMS 0x0000000709800000, 0x0000000709800000| Untracked 
|  69|0x0000000709a00000, 0x0000000709a00000, 0x0000000709c00000|  0%| F|  |TAMS 0x0000000709a00000, 0x0000000709a00000| Untracked 
|  70|0x0000000709c00000, 0x0000000709c00000, 0x0000000709e00000|  0%| F|  |TAMS 0x0000000709c00000, 0x0000000709c00000| Untracked 
|  71|0x0000000709e00000, 0x0000000709e00000, 0x000000070a000000|  0%| F|  |TAMS 0x0000000709e00000, 0x0000000709e00000| Untracked 
|  72|0x000000070a000000, 0x000000070a000000, 0x000000070a200000|  0%| F|  |TAMS 0x000000070a000000, 0x000000070a000000| Untracked 
|  73|0x000000070a200000, 0x000000070a200000, 0x000000070a400000|  0%| F|  |TAMS 0x000000070a200000, 0x000000070a200000| Untracked 
|  74|0x000000070a400000, 0x000000070a400000, 0x000000070a600000|  0%| F|  |TAMS 0x000000070a400000, 0x000000070a400000| Untracked 
|  75|0x000000070a600000, 0x000000070a600000, 0x000000070a800000|  0%| F|  |TAMS 0x000000070a600000, 0x000000070a600000| Untracked 
|  76|0x000000070a800000, 0x000000070a800000, 0x000000070aa00000|  0%| F|  |TAMS 0x000000070a800000, 0x000000070a800000| Untracked 
|  77|0x000000070aa00000, 0x000000070aa00000, 0x000000070ac00000|  0%| F|  |TAMS 0x000000070aa00000, 0x000000070aa00000| Untracked 
|  78|0x000000070ac00000, 0x000000070ac00000, 0x000000070ae00000|  0%| F|  |TAMS 0x000000070ac00000, 0x000000070ac00000| Untracked 
|  79|0x000000070ae00000, 0x000000070ae00000, 0x000000070b000000|  0%| F|  |TAMS 0x000000070ae00000, 0x000000070ae00000| Untracked 
|  80|0x000000070b000000, 0x000000070b000000, 0x000000070b200000|  0%| F|  |TAMS 0x000000070b000000, 0x000000070b000000| Untracked 
|  81|0x000000070b200000, 0x000000070b200000, 0x000000070b400000|  0%| F|  |TAMS 0x000000070b200000, 0x000000070b200000| Untracked 
|  82|0x000000070b400000, 0x000000070b400000, 0x000000070b600000|  0%| F|  |TAMS 0x000000070b400000, 0x000000070b400000| Untracked 
|  83|0x000000070b600000, 0x000000070b600000, 0x000000070b800000|  0%| F|  |TAMS 0x000000070b600000, 0x000000070b600000| Untracked 
|  84|0x000000070b800000, 0x000000070b800000, 0x000000070ba00000|  0%| F|  |TAMS 0x000000070b800000, 0x000000070b800000| Untracked 
|  85|0x000000070ba00000, 0x000000070ba00000, 0x000000070bc00000|  0%| F|  |TAMS 0x000000070ba00000, 0x000000070ba00000| Untracked 
|  86|0x000000070bc00000, 0x000000070bc00000, 0x000000070be00000|  0%| F|  |TAMS 0x000000070bc00000, 0x000000070bc00000| Untracked 
|  87|0x000000070be00000, 0x000000070be00000, 0x000000070c000000|  0%| F|  |TAMS 0x000000070be00000, 0x000000070be00000| Untracked 
|  88|0x000000070c000000, 0x000000070c000000, 0x000000070c200000|  0%| F|  |TAMS 0x000000070c000000, 0x000000070c000000| Untracked 
|  89|0x000000070c200000, 0x000000070c200000, 0x000000070c400000|  0%| F|  |TAMS 0x000000070c200000, 0x000000070c200000| Untracked 
|  90|0x000000070c400000, 0x000000070c400000, 0x000000070c600000|  0%| F|  |TAMS 0x000000070c400000, 0x000000070c400000| Untracked 
|  91|0x000000070c600000, 0x000000070c600000, 0x000000070c800000|  0%| F|  |TAMS 0x000000070c600000, 0x000000070c600000| Untracked 
|  92|0x000000070c800000, 0x000000070c800000, 0x000000070ca00000|  0%| F|  |TAMS 0x000000070c800000, 0x000000070c800000| Untracked 
|  93|0x000000070ca00000, 0x000000070ca00000, 0x000000070cc00000|  0%| F|  |TAMS 0x000000070ca00000, 0x000000070ca00000| Untracked 
|  94|0x000000070cc00000, 0x000000070cc00000, 0x000000070ce00000|  0%| F|  |TAMS 0x000000070cc00000, 0x000000070cc00000| Untracked 
|  95|0x000000070ce00000, 0x000000070ce00000, 0x000000070d000000|  0%| F|  |TAMS 0x000000070ce00000, 0x000000070ce00000| Untracked 
|  96|0x000000070d000000, 0x000000070d000000, 0x000000070d200000|  0%| F|  |TAMS 0x000000070d000000, 0x000000070d000000| Untracked 
|  97|0x000000070d200000, 0x000000070d200000, 0x000000070d400000|  0%| F|  |TAMS 0x000000070d200000, 0x000000070d200000| Untracked 
|  98|0x000000070d400000, 0x000000070d400000, 0x000000070d600000|  0%| F|  |TAMS 0x000000070d400000, 0x000000070d400000| Untracked 
|  99|0x000000070d600000, 0x000000070d600000, 0x000000070d800000|  0%| F|  |TAMS 0x000000070d600000, 0x000000070d600000| Untracked 
| 100|0x000000070d800000, 0x000000070d800000, 0x000000070da00000|  0%| F|  |TAMS 0x000000070d800000, 0x000000070d800000| Untracked 
| 101|0x000000070da00000, 0x000000070da00000, 0x000000070dc00000|  0%| F|  |TAMS 0x000000070da00000, 0x000000070da00000| Untracked 
| 102|0x000000070dc00000, 0x000000070dc00000, 0x000000070de00000|  0%| F|  |TAMS 0x000000070dc00000, 0x000000070dc00000| Untracked 
| 103|0x000000070de00000, 0x000000070de00000, 0x000000070e000000|  0%| F|  |TAMS 0x000000070de00000, 0x000000070de00000| Untracked 
| 104|0x000000070e000000, 0x000000070e000000, 0x000000070e200000|  0%| F|  |TAMS 0x000000070e000000, 0x000000070e000000| Untracked 
| 105|0x000000070e200000, 0x000000070e200000, 0x000000070e400000|  0%| F|  |TAMS 0x000000070e200000, 0x000000070e200000| Untracked 
| 106|0x000000070e400000, 0x000000070e400000, 0x000000070e600000|  0%| F|  |TAMS 0x000000070e400000, 0x000000070e400000| Untracked 
| 107|0x000000070e600000, 0x000000070e600000, 0x000000070e800000|  0%| F|  |TAMS 0x000000070e600000, 0x000000070e600000| Untracked 
| 108|0x000000070e800000, 0x000000070e800000, 0x000000070ea00000|  0%| F|  |TAMS 0x000000070e800000, 0x000000070e800000| Untracked 
| 109|0x000000070ea00000, 0x000000070ea00000, 0x000000070ec00000|  0%| F|  |TAMS 0x000000070ea00000, 0x000000070ea00000| Untracked 
| 110|0x000000070ec00000, 0x000000070ec00000, 0x000000070ee00000|  0%| F|  |TAMS 0x000000070ec00000, 0x000000070ec00000| Untracked 
| 111|0x000000070ee00000, 0x000000070ee00000, 0x000000070f000000|  0%| F|  |TAMS 0x000000070ee00000, 0x000000070ee00000| Untracked 
| 112|0x000000070f000000, 0x000000070f000000, 0x000000070f200000|  0%| F|  |TAMS 0x000000070f000000, 0x000000070f000000| Untracked 
| 113|0x000000070f200000, 0x000000070f200000, 0x000000070f400000|  0%| F|  |TAMS 0x000000070f200000, 0x000000070f200000| Untracked 
| 114|0x000000070f400000, 0x000000070f400000, 0x000000070f600000|  0%| F|  |TAMS 0x000000070f400000, 0x000000070f400000| Untracked 
| 115|0x000000070f600000, 0x000000070f7a6738, 0x000000070f800000| 82%| S|CS|TAMS 0x000000070f600000, 0x000000070f600000| Complete 
| 116|0x000000070f800000, 0x000000070fa00000, 0x000000070fa00000|100%| S|CS|TAMS 0x000000070f800000, 0x000000070f800000| Complete 
| 117|0x000000070fa00000, 0x000000070fa00000, 0x000000070fc00000|  0%| F|  |TAMS 0x000000070fa00000, 0x000000070fa00000| Untracked 
| 118|0x000000070fc00000, 0x000000070fc00000, 0x000000070fe00000|  0%| F|  |TAMS 0x000000070fc00000, 0x000000070fc00000| Untracked 
| 119|0x000000070fe00000, 0x000000070fe00000, 0x0000000710000000|  0%| F|  |TAMS 0x000000070fe00000, 0x000000070fe00000| Untracked 
| 120|0x0000000710000000, 0x0000000710000000, 0x0000000710200000|  0%| F|  |TAMS 0x0000000710000000, 0x0000000710000000| Untracked 
| 121|0x0000000710200000, 0x0000000710200000, 0x0000000710400000|  0%| F|  |TAMS 0x0000000710200000, 0x0000000710200000| Untracked 
| 122|0x0000000710400000, 0x00000007104a5a48, 0x0000000710600000| 32%| E|  |TAMS 0x0000000710400000, 0x0000000710400000| Complete 
| 123|0x0000000710600000, 0x0000000710800000, 0x0000000710800000|100%| E|CS|TAMS 0x0000000710600000, 0x0000000710600000| Complete 
| 124|0x0000000710800000, 0x0000000710a00000, 0x0000000710a00000|100%| E|CS|TAMS 0x0000000710800000, 0x0000000710800000| Complete 
| 125|0x0000000710a00000, 0x0000000710c00000, 0x0000000710c00000|100%| E|CS|TAMS 0x0000000710a00000, 0x0000000710a00000| Complete 
| 126|0x0000000710c00000, 0x0000000710e00000, 0x0000000710e00000|100%| E|CS|TAMS 0x0000000710c00000, 0x0000000710c00000| Complete 
| 127|0x0000000710e00000, 0x0000000711000000, 0x0000000711000000|100%| E|CS|TAMS 0x0000000710e00000, 0x0000000710e00000| Complete 

Card table byte_map: [0x0000022a2f8c0000,0x0000022a300c0000] _byte_map_base: 0x0000022a2c0b8000

Marking Bits (Prev, Next): (CMBitMap*) 0x0000022a1c1f25a0, (CMBitMap*) 0x0000022a1c1f25e0
 Prev Bits: [0x0000022a308c0000, 0x0000022a34880000)
 Next Bits: [0x0000022a34880000, 0x0000022a38840000)

Polling page: 0x0000022a1b940000

Metaspace:

Usage:
  Non-class:     12.37 MB used.
      Class:      1.01 MB used.
       Both:     13.38 MB used.

Virtual space:
  Non-class space:       64.00 MB reserved,      12.44 MB ( 19%) committed,  1 nodes.
      Class space:        1.00 GB reserved,       1.12 MB ( <1%) committed,  1 nodes.
             Both:        1.06 GB reserved,      13.56 MB (  1%) committed. 

Chunk freelists:
   Non-Class:  2.88 MB
       Class:  14.86 MB
        Both:  17.73 MB

MaxMetaspaceSize: unlimited
CompressedClassSpaceSize: 1.00 GB
Initial GC threshold: 21.00 MB
Current GC threshold: 21.00 MB
CDS: off
MetaspaceReclaimPolicy: balanced
 - commit_granule_bytes: 65536.
 - commit_granule_words: 8192.
 - virtual_space_node_default_size: 8388608.
 - enlarge_chunks_in_place: 1.
 - new_chunks_are_fully_committed: 0.
 - uncommit_free_chunks: 1.
 - use_allocation_guard: 0.
 - handle_deallocations: 1.


Internal statistics:

num_allocs_failed_limit: 0.
num_arena_births: 66.
num_arena_deaths: 0.
num_vsnodes_births: 2.
num_vsnodes_deaths: 0.
num_space_committed: 215.
num_space_uncommitted: 0.
num_chunks_returned_to_freelist: 0.
num_chunks_taken_from_freelist: 216.
num_chunk_merges: 0.
num_chunk_splits: 144.
num_chunks_enlarged: 100.
num_inconsistent_stats: 0.

CodeHeap 'non-profiled nmethods': size=119168Kb used=432Kb max_used=432Kb free=118735Kb
 bounds [0x0000022a273e0000, 0x0000022a27650000, 0x0000022a2e840000]
CodeHeap 'profiled nmethods': size=119104Kb used=2302Kb max_used=2302Kb free=116801Kb
 bounds [0x0000022a1f840000, 0x0000022a1fab0000, 0x0000022a26c90000]
CodeHeap 'non-nmethods': size=7488Kb used=3391Kb max_used=3414Kb free=4096Kb
 bounds [0x0000022a26c90000, 0x0000022a26ff0000, 0x0000022a273e0000]
 total_blobs=2273 nmethods=1196 adapters=987
 compilation: enabled
              stopped_count=0, restarted_count=0
 full_count=0

Compilation events (20 events):
Event: 0.927 Thread 0x0000022a3b9ab620 1185       3       jdk.internal.access.SharedSecrets::javaUtilJarAccess (19 bytes)
Event: 0.928 Thread 0x0000022a3b9ab620 nmethod 1185 0x0000022a1fa62e90 code [0x0000022a1fa63080, 0x0000022a1fa63448]
Event: 0.928 Thread 0x0000022a3b9ab620 1186       1       java.util.zip.ZipEntry::getCrc (5 bytes)
Event: 0.928 Thread 0x0000022a3b9ab620 nmethod 1186 0x0000022a27445190 code [0x0000022a27445320, 0x0000022a274453f8]
Event: 0.930 Thread 0x0000022a4167c9e0 1187       3       java.security.CodeSource::getCertificates (98 bytes)
Event: 0.931 Thread 0x0000022a4167c9e0 nmethod 1187 0x0000022a1fa63610 code [0x0000022a1fa63860, 0x0000022a1fa64418]
Event: 0.934 Thread 0x0000022a4167c9e0 1188       3       org.eclipse.jdt.launching.internal.org.objectweb.asm.ClassReader::accept (1412 bytes)
Event: 0.935 Thread 0x0000022a415b75f0 1189       3       org.eclipse.jdt.launching.internal.org.objectweb.asm.ClassReader::<init> (371 bytes)
Event: 0.935 Thread 0x0000022a3b9ab620 1190       3       org.eclipse.jdt.launching.internal.org.objectweb.asm.SymbolTable::<init> (536 bytes)
Event: 0.936 Thread 0x0000022a3bb310f0 1191       3       org.eclipse.jdt.launching.internal.org.objectweb.asm.ClassWriter::toByteArray (1535 bytes)
Event: 0.936 Thread 0x0000022a415b75f0 nmethod 1189 0x0000022a1fa64790 code [0x0000022a1fa64aa0, 0x0000022a1fa65f18]
Event: 0.937 Thread 0x0000022a415b75f0 1192       3       org.eclipse.jdt.launching.internal.org.objectweb.asm.ByteVector::encodeUtf8 (337 bytes)
Event: 0.938 Thread 0x0000022a415b75f0 nmethod 1192 0x0000022a1fa66510 code [0x0000022a1fa66820, 0x0000022a1fa67b38]
Event: 0.939 Thread 0x0000022a3b9ab620 nmethod 1190 0x0000022a1fa68490 code [0x0000022a1fa68a60, 0x0000022a1fa6b708]
Event: 0.941 Thread 0x0000022a3b9ab620 1193       3       java.util.jar.Manifest::getAttributes (14 bytes)
Event: 0.941 Thread 0x0000022a3b9ab620 nmethod 1193 0x0000022a1fa6c990 code [0x0000022a1fa6cb40, 0x0000022a1fa6ce48]
Event: 0.942 Thread 0x0000022a3bb310f0 nmethod 1191 0x0000022a1fa6cf90 code [0x0000022a1fa6d8c0, 0x0000022a1fa71ad8]
Event: 0.943 Thread 0x0000022a4167c9e0 nmethod 1188 0x0000022a1fa73e90 code [0x0000022a1fa74a60, 0x0000022a1fa7c2e8]
Event: 0.943 Thread 0x0000022a416c96d0 1194       4       org.eclipse.jdt.launching.internal.org.objectweb.asm.ClassReader::readMethod (1066 bytes)
Event: 0.943 Thread 0x0000022a417cdbd0 1197       4       org.eclipse.jdt.launching.internal.org.objectweb.asm.MethodWriter::<init> (232 bytes)

GC Heap History (2 events):
Event: 0.852 GC heap before
{Heap before GC invocations=0 (full 0):
 garbage-first heap   total 262144K, used 20480K [0x0000000701000000, 0x0000000800000000)
  region size 2048K, 11 young (22528K), 0 survivors (0K)
 Metaspace       used 12182K, committed 12288K, reserved 1114112K
  class space    used 1011K, committed 1088K, reserved 1048576K
}
Event: 0.855 GC heap after
{Heap after GC invocations=1 (full 0):
 garbage-first heap   total 262144K, used 3737K [0x0000000701000000, 0x0000000800000000)
  region size 2048K, 2 young (4096K), 2 survivors (4096K)
 Metaspace       used 12182K, committed 12288K, reserved 1114112K
  class space    used 1011K, committed 1088K, reserved 1048576K
}

Dll operation events (10 events):
Event: 0.008 Loaded shared library C:\Users\zalan\.p2\pool\plugins\org.eclipse.justj.openjdk.hotspot.jre.full.win32.x86_64_17.0.8.v20230831-1047\jre\bin\java.dll
Event: 0.206 Loaded shared library C:\Users\zalan\.p2\pool\plugins\org.eclipse.justj.openjdk.hotspot.jre.full.win32.x86_64_17.0.8.v20230831-1047\jre\bin\zip.dll
Event: 0.209 Loaded shared library C:\Users\zalan\.p2\pool\plugins\org.eclipse.justj.openjdk.hotspot.jre.full.win32.x86_64_17.0.8.v20230831-1047\jre\bin\instrument.dll
Event: 0.223 Loaded shared library C:\Users\zalan\.p2\pool\plugins\org.eclipse.justj.openjdk.hotspot.jre.full.win32.x86_64_17.0.8.v20230831-1047\jre\bin\net.dll
Event: 0.224 Loaded shared library C:\Users\zalan\.p2\pool\plugins\org.eclipse.justj.openjdk.hotspot.jre.full.win32.x86_64_17.0.8.v20230831-1047\jre\bin\nio.dll
Event: 0.234 Loaded shared library C:\Users\zalan\.p2\pool\plugins\org.eclipse.justj.openjdk.hotspot.jre.full.win32.x86_64_17.0.8.v20230831-1047\jre\bin\zip.dll
Event: 0.377 Loaded shared library C:\Users\zalan\.p2\pool\plugins\org.eclipse.justj.openjdk.hotspot.jre.full.win32.x86_64_17.0.8.v20230831-1047\jre\bin\jimage.dll
Event: 0.425 Loaded shared library C:\Users\zalan\.p2\pool\plugins\org.eclipse.justj.openjdk.hotspot.jre.full.win32.x86_64_17.0.8.v20230831-1047\jre\bin\verify.dll
Event: 0.531 Loaded shared library C:\Users\zalan\AppData\Local\Temp\lwjgl_zalan\3.3.3+5\x64\lwjgl.dll
Event: 0.844 Loaded shared library C:\Users\zalan\AppData\Local\Temp\lwjgl_zalan\3.3.3+5\x64\lwjgl_opengl.dll

Deoptimization events (20 events):
Event: 0.551 Thread 0x0000022a1c185e90 DEOPT PACKING pc=0x0000022a1f9aabbc sp=0x00000062e43fb8d0
Event: 0.551 Thread 0x0000022a1c185e90 DEOPT UNPACKING pc=0x0000022a26ce7143 sp=0x00000062e43fadb0 mode 1
Event: 0.551 Thread 0x0000022a1c185e90 DEOPT PACKING pc=0x0000022a1f9ae70c sp=0x00000062e43fbab0
Event: 0.551 Thread 0x0000022a1c185e90 DEOPT UNPACKING pc=0x0000022a26ce7143 sp=0x00000062e43faf20 mode 1
Event: 0.551 Thread 0x0000022a1c185e90 DEOPT PACKING pc=0x0000022a1f9ae70c sp=0x00000062e43fb840
Event: 0.552 Thread 0x0000022a1c185e90 DEOPT UNPACKING pc=0x0000022a26ce7143 sp=0x00000062e43faca0 mode 1
Event: 0.552 Thread 0x0000022a1c185e90 DEOPT PACKING pc=0x0000022a1f9aabbc sp=0x00000062e43fb8d0
Event: 0.552 Thread 0x0000022a1c185e90 DEOPT UNPACKING pc=0x0000022a26ce7143 sp=0x00000062e43fadb0 mode 1
Event: 0.552 Thread 0x0000022a1c185e90 DEOPT PACKING pc=0x0000022a1f9ae70c sp=0x00000062e43fbab0
Event: 0.552 Thread 0x0000022a1c185e90 DEOPT UNPACKING pc=0x0000022a26ce7143 sp=0x00000062e43faf20 mode 1
Event: 0.586 Thread 0x0000022a1c185e90 Uncommon trap: trap_request=0xffffffc6 fr.pc=0x0000022a2740c840 relative=0x0000000000000380
Event: 0.586 Thread 0x0000022a1c185e90 Uncommon trap: reason=bimorphic_or_optimized_type_check action=maybe_recompile pc=0x0000022a2740c840 method=java.util.HashMap.getNode(Ljava/lang/Object;)Ljava/util/HashMap$Node; @ 128 c2
Event: 0.586 Thread 0x0000022a1c185e90 DEOPT PACKING pc=0x0000022a2740c840 sp=0x00000062e43fbc70
Event: 0.586 Thread 0x0000022a1c185e90 DEOPT UNPACKING pc=0x0000022a26ce69a3 sp=0x00000062e43fbba8 mode 2
Event: 0.845 Thread 0x0000022a1c185e90 DEOPT PACKING pc=0x0000022a1f890fd7 sp=0x00000062e43fde30
Event: 0.845 Thread 0x0000022a1c185e90 DEOPT UNPACKING pc=0x0000022a26ce7143 sp=0x00000062e43fd290 mode 0
Event: 0.859 Thread 0x0000022a1c185e90 Uncommon trap: trap_request=0xffffff54 fr.pc=0x0000022a27440b64 relative=0x0000000000000064
Event: 0.859 Thread 0x0000022a1c185e90 Uncommon trap: reason=speculate_null_assert action=make_not_entrant pc=0x0000022a27440b64 method=sun.misc.Unsafe.getLong(Ljava/lang/Object;J)J @ 5 c2
Event: 0.859 Thread 0x0000022a1c185e90 DEOPT PACKING pc=0x0000022a27440b64 sp=0x00000062e43ff440
Event: 0.859 Thread 0x0000022a1c185e90 DEOPT UNPACKING pc=0x0000022a26ce69a3 sp=0x00000062e43ff3d8 mode 2

Classes unloaded (0 events):
No events

Classes redefined (0 events):
No events

Internal exceptions (20 events):
Event: 0.495 Thread 0x0000022a1c185e90 Exception <a 'java/lang/NoSuchMethodError'{0x000000071010f5f0}: 'void java.lang.invoke.DirectMethodHandle$Holder.invokeSpecial(java.lang.Object, java.lang.Object, java.lang.Object)'> (0x000000071010f5f0) 
thrown [s\src\hotspot\share\interpreter\linkResolver.cpp, line 759]
Event: 0.498 Thread 0x0000022a1c185e90 Exception <a 'java/lang/NoSuchMethodError'{0x0000000710129238}: 'java.lang.Object java.lang.invoke.DirectMethodHandle$Holder.invokeStatic(java.lang.Object, java.lang.Object, int)'> (0x0000000710129238) 
thrown [s\src\hotspot\share\interpreter\linkResolver.cpp, line 759]
Event: 0.500 Thread 0x0000022a1c185e90 Exception <a 'java/lang/NoSuchMethodError'{0x0000000710134fa8}: 'void java.lang.invoke.DelegatingMethodHandle$Holder.delegate(java.lang.Object, java.lang.Object, int, java.lang.Object)'> (0x0000000710134fa8) 
thrown [s\src\hotspot\share\interpreter\linkResolver.cpp, line 759]
Event: 0.500 Thread 0x0000022a1c185e90 Exception <a 'java/lang/NoSuchMethodError'{0x0000000710138fe0}: 'int java.lang.invoke.DirectMethodHandle$Holder.invokeSpecial(java.lang.Object, java.lang.Object, java.lang.Object)'> (0x0000000710138fe0) 
thrown [s\src\hotspot\share\interpreter\linkResolver.cpp, line 759]
Event: 0.529 Thread 0x0000022a1c185e90 Exception <a 'sun/nio/fs/WindowsException'{0x00000007101f5f18}> (0x00000007101f5f18) 
thrown [s\src\hotspot\share\prims\jni.cpp, line 516]
Event: 0.529 Thread 0x0000022a1c185e90 Exception <a 'sun/nio/fs/WindowsException'{0x00000007101f7540}> (0x00000007101f7540) 
thrown [s\src\hotspot\share\prims\jni.cpp, line 516]
Event: 0.569 Thread 0x0000022a1c185e90 Exception <a 'java/lang/NoSuchMethodError'{0x000000070ff246d8}: 'int java.lang.invoke.DirectMethodHandle$Holder.invokeStaticInit(java.lang.Object, java.lang.Object, int, long)'> (0x000000070ff246d8) 
thrown [s\src\hotspot\share\interpreter\linkResolver.cpp, line 759]
Event: 0.570 Thread 0x0000022a1c185e90 Exception <a 'java/lang/NoSuchMethodError'{0x000000070ff29fa0}: 'java.lang.Object java.lang.invoke.DirectMethodHandle$Holder.newInvokeSpecial(java.lang.Object, java.lang.Object, int)'> (0x000000070ff29fa0) 
thrown [s\src\hotspot\share\interpreter\linkResolver.cpp, line 759]
Event: 0.572 Thread 0x0000022a1c185e90 Exception <a 'java/lang/NoSuchMethodError'{0x000000070ff43c10}: 'int java.lang.invoke.DirectMethodHandle$Holder.invokeStaticInit(java.lang.Object, java.lang.Object, long, long)'> (0x000000070ff43c10) 
thrown [s\src\hotspot\share\interpreter\linkResolver.cpp, line 759]
Event: 0.572 Thread 0x0000022a1c185e90 Exception <a 'java/lang/NoSuchMethodError'{0x000000070ff49d20}: 'java.lang.Object java.lang.invoke.DirectMethodHandle$Holder.newInvokeSpecial(java.lang.Object, java.lang.Object, long)'> (0x000000070ff49d20) 
thrown [s\src\hotspot\share\interpreter\linkResolver.cpp, line 759]
Event: 0.573 Thread 0x0000022a1c185e90 Exception <a 'java/lang/NoSuchMethodError'{0x000000070ff4dd68}: 'java.lang.Object java.lang.invoke.Invokers$Holder.linkToTargetMethod(java.lang.Object, long, java.lang.Object)'> (0x000000070ff4dd68) 
thrown [s\src\hotspot\share\interpreter\linkResolver.cpp, line 759]
Event: 0.573 Thread 0x0000022a1c185e90 Exception <a 'java/lang/NoSuchMethodError'{0x000000070ff556e8}: 'int java.lang.invoke.DirectMethodHandle$Holder.invokeStaticInit(java.lang.Object, java.lang.Object, java.lang.Object, long)'> (0x000000070ff556e8) 
thrown [s\src\hotspot\share\interpreter\linkResolver.cpp, line 759]
Event: 0.590 Thread 0x0000022a1c185e90 Exception <a 'sun/nio/fs/WindowsException'{0x000000070fc61048}> (0x000000070fc61048) 
thrown [s\src\hotspot\share\prims\jni.cpp, line 516]
Event: 0.590 Thread 0x0000022a1c185e90 Exception <a 'sun/nio/fs/WindowsException'{0x000000070fc613d8}> (0x000000070fc613d8) 
thrown [s\src\hotspot\share\prims\jni.cpp, line 516]
Event: 0.617 Thread 0x0000022a1c185e90 Exception <a 'sun/nio/fs/WindowsException'{0x000000070fa90f50}> (0x000000070fa90f50) 
thrown [s\src\hotspot\share\prims\jni.cpp, line 516]
Event: 0.617 Thread 0x0000022a1c185e90 Exception <a 'sun/nio/fs/WindowsException'{0x000000070fa912b0}> (0x000000070fa912b0) 
thrown [s\src\hotspot\share\prims\jni.cpp, line 516]
Event: 0.843 Thread 0x0000022a1c185e90 Exception <a 'sun/nio/fs/WindowsException'{0x000000070fb44370}> (0x000000070fb44370) 
thrown [s\src\hotspot\share\prims\jni.cpp, line 516]
Event: 0.843 Thread 0x0000022a1c185e90 Exception <a 'sun/nio/fs/WindowsException'{0x000000070fb44710}> (0x000000070fb44710) 
thrown [s\src\hotspot\share\prims\jni.cpp, line 516]
Event: 0.848 Thread 0x0000022a1c185e90 Exception <a 'sun/nio/fs/WindowsException'{0x000000070fbcadc8}> (0x000000070fbcadc8) 
thrown [s\src\hotspot\share\prims\jni.cpp, line 516]
Event: 0.848 Thread 0x0000022a1c185e90 Exception <a 'sun/nio/fs/WindowsException'{0x000000070fbcb098}> (0x000000070fbcb098) 
thrown [s\src\hotspot\share\prims\jni.cpp, line 516]

VM Operations (16 events):
Event: 0.165 Executing VM operation: HandshakeAllThreads
Event: 0.165 Executing VM operation: HandshakeAllThreads done
Event: 0.185 Executing VM operation: ChangeBreakpoints
Event: 0.185 Executing VM operation: ChangeBreakpoints done
Event: 0.193 Executing VM operation: ChangeBreakpoints
Event: 0.194 Executing VM operation: ChangeBreakpoints done
Event: 0.318 Executing VM operation: HandshakeAllThreads
Event: 0.318 Executing VM operation: HandshakeAllThreads done
Event: 0.498 Executing VM operation: HandshakeAllThreads
Event: 0.498 Executing VM operation: HandshakeAllThreads done
Event: 0.522 Executing VM operation: HandshakeAllThreads
Event: 0.522 Executing VM operation: HandshakeAllThreads done
Event: 0.529 Executing VM operation: HandshakeAllThreads
Event: 0.529 Executing VM operation: HandshakeAllThreads done
Event: 0.851 Executing VM operation: G1CollectForAllocation
Event: 0.855 Executing VM operation: G1CollectForAllocation done

Events (20 events):
Event: 0.574 loading class java/nio/BufferUnderflowException
Event: 0.574 loading class java/nio/BufferUnderflowException done
Event: 0.591 loading class java/lang/NoSuchFieldError
Event: 0.591 loading class java/lang/NoSuchFieldError done
Event: 0.606 loading class java/util/function/BiPredicate
Event: 0.606 loading class java/util/function/BiPredicate done
Event: 0.621 loading class jdk/internal/reflect/UnsafeQualifiedStaticIntegerFieldAccessorImpl
Event: 0.621 loading class jdk/internal/reflect/UnsafeQualifiedStaticIntegerFieldAccessorImpl done
Event: 0.835 Thread 0x0000022a40465bc0 Thread exited: 0x0000022a40465bc0
Event: 0.837 Thread 0x0000022a3baf3420 Thread exited: 0x0000022a3baf3420
Event: 0.843 Thread 0x0000022a415b75f0 Thread added: 0x0000022a415b75f0
Event: 0.843 Thread 0x0000022a4167c9e0 Thread added: 0x0000022a4167c9e0
Event: 0.845 loading class jdk/internal/misc/ScopedMemoryAccess$Scope
Event: 0.845 loading class jdk/internal/misc/ScopedMemoryAccess$Scope done
Event: 0.885 loading class java/util/function/IntFunction
Event: 0.885 loading class java/util/function/IntFunction done
Event: 0.943 Thread 0x0000022a416c96d0 Thread added: 0x0000022a416c96d0
Event: 0.943 Thread 0x0000022a417cdbd0 Thread added: 0x0000022a417cdbd0
Event: 0.947 loading class java/nio/HeapFloatBuffer
Event: 0.947 loading class java/nio/HeapFloatBuffer done


Dynamic libraries:
0x00007ff625cb0000 - 0x00007ff625cbe000 	C:\Users\zalan\.p2\pool\plugins\org.eclipse.justj.openjdk.hotspot.jre.full.win32.x86_64_17.0.8.v20230831-1047\jre\bin\javaw.exe
0x00007ffd3fd70000 - 0x00007ffd3ff67000 	C:\WINDOWS\SYSTEM32\ntdll.dll
0x00007ffd3f2a0000 - 0x00007ffd3f35d000 	C:\WINDOWS\System32\KERNEL32.DLL
0x00007ffd3d520000 - 0x00007ffd3d816000 	C:\WINDOWS\System32\KERNELBASE.dll
0x00007ffd3da50000 - 0x00007ffd3db50000 	C:\WINDOWS\System32\ucrtbase.dll
0x00007ffd34cc0000 - 0x00007ffd34cd7000 	C:\Users\zalan\.p2\pool\plugins\org.eclipse.justj.openjdk.hotspot.jre.full.win32.x86_64_17.0.8.v20230831-1047\jre\bin\jli.dll
0x00007ffd31620000 - 0x00007ffd31639000 	C:\Users\zalan\.p2\pool\plugins\org.eclipse.justj.openjdk.hotspot.jre.full.win32.x86_64_17.0.8.v20230831-1047\jre\bin\VCRUNTIME140.dll
0x00007ffd3f490000 - 0x00007ffd3f62e000 	C:\WINDOWS\System32\USER32.dll
0x00007ffd3d450000 - 0x00007ffd3d472000 	C:\WINDOWS\System32\win32u.dll
0x00007ffd31b80000 - 0x00007ffd31e1a000 	C:\WINDOWS\WinSxS\amd64_microsoft.windows.common-controls_6595b64144ccf1df_6.0.19041.3570_none_60bb2a3971f3e41a\COMCTL32.dll
0x00007ffd3f710000 - 0x00007ffd3f73c000 	C:\WINDOWS\System32\GDI32.dll
0x00007ffd3e170000 - 0x00007ffd3e20e000 	C:\WINDOWS\System32\msvcrt.dll
0x00007ffd3d930000 - 0x00007ffd3da4a000 	C:\WINDOWS\System32\gdi32full.dll
0x00007ffd3d480000 - 0x00007ffd3d51d000 	C:\WINDOWS\System32\msvcp_win.dll
0x00007ffd3f630000 - 0x00007ffd3f660000 	C:\WINDOWS\System32\IMM32.DLL
0x00007ffd34e40000 - 0x00007ffd34e4c000 	C:\Users\zalan\.p2\pool\plugins\org.eclipse.justj.openjdk.hotspot.jre.full.win32.x86_64_17.0.8.v20230831-1047\jre\bin\vcruntime140_1.dll
0x00007ffd31580000 - 0x00007ffd31611000 	C:\Users\zalan\.p2\pool\plugins\org.eclipse.justj.openjdk.hotspot.jre.full.win32.x86_64_17.0.8.v20230831-1047\jre\bin\msvcp140.dll
0x00007ffca6e40000 - 0x00007ffca7a8c000 	C:\Users\zalan\.p2\pool\plugins\org.eclipse.justj.openjdk.hotspot.jre.full.win32.x86_64_17.0.8.v20230831-1047\jre\bin\server\jvm.dll
0x00007ffd3f660000 - 0x00007ffd3f70e000 	C:\WINDOWS\System32\ADVAPI32.dll
0x00007ffd3e970000 - 0x00007ffd3ea0c000 	C:\WINDOWS\System32\sechost.dll
0x00007ffd3f740000 - 0x00007ffd3f866000 	C:\WINDOWS\System32\RPCRT4.dll
0x00007ffd38ee0000 - 0x00007ffd38ee9000 	C:\WINDOWS\SYSTEM32\WSOCK32.dll
0x00007ffd3d200000 - 0x00007ffd3d24b000 	C:\WINDOWS\SYSTEM32\POWRPROF.dll
0x00007ffd35210000 - 0x00007ffd35237000 	C:\WINDOWS\SYSTEM32\WINMM.dll
0x00007ffd3f880000 - 0x00007ffd3f8eb000 	C:\WINDOWS\System32\WS2_32.dll
0x00007ffd370d0000 - 0x00007ffd370da000 	C:\WINDOWS\SYSTEM32\VERSION.dll
0x00007ffd3d1e0000 - 0x00007ffd3d1f2000 	C:\WINDOWS\SYSTEM32\UMPDC.dll
0x00007ffd3b310000 - 0x00007ffd3b322000 	C:\WINDOWS\SYSTEM32\kernel.appcore.dll
0x00007ffd3aaf0000 - 0x00007ffd3aafa000 	C:\Users\zalan\.p2\pool\plugins\org.eclipse.justj.openjdk.hotspot.jre.full.win32.x86_64_17.0.8.v20230831-1047\jre\bin\jimage.dll
0x00007ffd32d20000 - 0x00007ffd32f04000 	C:\WINDOWS\SYSTEM32\DBGHELP.DLL
0x00007ffd27150000 - 0x00007ffd27184000 	C:\WINDOWS\SYSTEM32\dbgcore.DLL
0x00007ffd3d8a0000 - 0x00007ffd3d922000 	C:\WINDOWS\System32\bcryptPrimitives.dll
0x00007ffd27db0000 - 0x00007ffd27deb000 	C:\Users\zalan\.p2\pool\plugins\org.eclipse.justj.openjdk.hotspot.jre.full.win32.x86_64_17.0.8.v20230831-1047\jre\bin\jdwp.dll
0x00007ffd331a0000 - 0x00007ffd331ae000 	C:\Users\zalan\.p2\pool\plugins\org.eclipse.justj.openjdk.hotspot.jre.full.win32.x86_64_17.0.8.v20230831-1047\jre\bin\instrument.dll
0x00007ffd38e80000 - 0x00007ffd38ea5000 	C:\Users\zalan\.p2\pool\plugins\org.eclipse.justj.openjdk.hotspot.jre.full.win32.x86_64_17.0.8.v20230831-1047\jre\bin\java.dll
0x00007ffd3aa30000 - 0x00007ffd3aa48000 	C:\Users\zalan\.p2\pool\plugins\org.eclipse.justj.openjdk.hotspot.jre.full.win32.x86_64_17.0.8.v20230831-1047\jre\bin\zip.dll
0x00007ffd3e220000 - 0x00007ffd3e964000 	C:\WINDOWS\System32\SHELL32.dll
0x00007ffd3b510000 - 0x00007ffd3bcab000 	C:\WINDOWS\SYSTEM32\windows.storage.dll
0x00007ffd3f8f0000 - 0x00007ffd3fc44000 	C:\WINDOWS\System32\combase.dll
0x00007ffd3cdc0000 - 0x00007ffd3cded000 	C:\WINDOWS\SYSTEM32\Wldp.dll
0x00007ffd3f360000 - 0x00007ffd3f40d000 	C:\WINDOWS\System32\SHCORE.dll
0x00007ffd3e100000 - 0x00007ffd3e155000 	C:\WINDOWS\System32\shlwapi.dll
0x00007ffd3d380000 - 0x00007ffd3d3a5000 	C:\WINDOWS\SYSTEM32\profapi.dll
0x00007ffd33100000 - 0x00007ffd3310c000 	C:\Users\zalan\.p2\pool\plugins\org.eclipse.justj.openjdk.hotspot.jre.full.win32.x86_64_17.0.8.v20230831-1047\jre\bin\dt_socket.dll
0x00007ffd3c810000 - 0x00007ffd3c84b000 	C:\WINDOWS\SYSTEM32\IPHLPAPI.DLL
0x00007ffd3cb20000 - 0x00007ffd3cb8a000 	C:\WINDOWS\system32\mswsock.dll
0x00007ffd3c850000 - 0x00007ffd3c91a000 	C:\WINDOWS\SYSTEM32\DNSAPI.dll
0x00007ffd3f870000 - 0x00007ffd3f878000 	C:\WINDOWS\System32\NSI.dll
0x00007ffd32180000 - 0x00007ffd3218a000 	C:\Windows\System32\rasadhlp.dll
0x00007ffd322e0000 - 0x00007ffd32362000 	C:\WINDOWS\System32\fwpuclnt.dll
0x00007ffd3d820000 - 0x00007ffd3d847000 	C:\WINDOWS\System32\bcrypt.dll
0x00007ffd380e0000 - 0x00007ffd380f9000 	C:\Users\zalan\.p2\pool\plugins\org.eclipse.justj.openjdk.hotspot.jre.full.win32.x86_64_17.0.8.v20230831-1047\jre\bin\net.dll
0x00007ffd36c20000 - 0x00007ffd36d2a000 	C:\WINDOWS\SYSTEM32\WINHTTP.dll
0x00007ffd34ce0000 - 0x00007ffd34cf5000 	C:\Users\zalan\.p2\pool\plugins\org.eclipse.justj.openjdk.hotspot.jre.full.win32.x86_64_17.0.8.v20230831-1047\jre\bin\nio.dll
0x00007ffd3aad0000 - 0x00007ffd3aae0000 	C:\Users\zalan\.p2\pool\plugins\org.eclipse.justj.openjdk.hotspot.jre.full.win32.x86_64_17.0.8.v20230831-1047\jre\bin\verify.dll
0x00007ffd11810000 - 0x00007ffd1188b000 	C:\Users\zalan\AppData\Local\Temp\lwjgl_zalan\3.3.3+5\x64\lwjgl.dll
0x00007ffcdad00000 - 0x00007ffcdaf70000 	C:\Users\zalan\AppData\Local\Temp\lwjgl_zalan\3.3.3+5\x64\jemalloc.dll
0x00007ffcdb140000 - 0x00007ffcdb1c2000 	C:\Users\zalan\AppData\Local\Temp\lwjgl_zalan\3.3.3+5\x64\glfw.dll
0x00007ffd19510000 - 0x00007ffd19555000 	C:\WINDOWS\SYSTEM32\dinput8.dll
0x00007ffd22b80000 - 0x00007ffd22b91000 	C:\WINDOWS\SYSTEM32\xinput1_4.dll
0x00007ffd3d850000 - 0x00007ffd3d89e000 	C:\WINDOWS\System32\cfgmgr32.dll
0x00007ffd3d170000 - 0x00007ffd3d1a3000 	C:\WINDOWS\SYSTEM32\DEVOBJ.dll
0x00007ffd3b020000 - 0x00007ffd3b04f000 	C:\WINDOWS\SYSTEM32\dwmapi.dll
0x00007ffd27480000 - 0x00007ffd275d2000 	C:\WINDOWS\SYSTEM32\inputhost.dll
0x00007ffd3ea10000 - 0x00007ffd3eadd000 	C:\WINDOWS\System32\OLEAUT32.dll
0x00007ffd39f00000 - 0x00007ffd3a055000 	C:\WINDOWS\SYSTEM32\wintypes.dll
0x00007ffd38fa0000 - 0x00007ffd39096000 	C:\WINDOWS\SYSTEM32\PROPSYS.dll
0x00007ffd3a930000 - 0x00007ffd3aa22000 	C:\WINDOWS\SYSTEM32\CoreMessaging.dll
0x00007ffd3a5d0000 - 0x00007ffd3a92b000 	C:\WINDOWS\SYSTEM32\CoreUIComponents.dll
0x00007ffd3c550000 - 0x00007ffd3c583000 	C:\WINDOWS\SYSTEM32\ntmarta.dll
0x00007ffd3ae20000 - 0x00007ffd3aebe000 	C:\WINDOWS\system32\uxtheme.dll
0x00007ffd3dfe0000 - 0x00007ffd3e0f4000 	C:\WINDOWS\System32\MSCTF.dll
0x00007ffce07c0000 - 0x00007ffce08e5000 	C:\WINDOWS\SYSTEM32\opengl32.dll
0x00007ffd212a0000 - 0x00007ffd212cc000 	C:\WINDOWS\SYSTEM32\GLU32.dll
0x00007ffd3f040000 - 0x00007ffd3f0e9000 	C:\WINDOWS\System32\clbcatq.dll
0x00007ffc90920000 - 0x00007ffc94baa000 	C:\WINDOWS\System32\DriverStore\FileRepository\nv_dispig.inf_amd64_7e5fd280efaa5445\nvoglv64.dll
0x00007ffd3ebd0000 - 0x00007ffd3f03e000 	C:\WINDOWS\System32\SETUPAPI.dll
0x00007ffd3de30000 - 0x00007ffd3df5b000 	C:\WINDOWS\System32\ole32.dll
0x00007ffd39100000 - 0x00007ffd39114000 	C:\WINDOWS\SYSTEM32\WTSAPI32.dll
0x00007ffd3cfb0000 - 0x00007ffd3cfc2000 	C:\WINDOWS\SYSTEM32\msasn1.dll
0x00007ffd35cd0000 - 0x00007ffd35d01000 	C:\WINDOWS\SYSTEM32\cryptnet.dll
0x00007ffd3db50000 - 0x00007ffd3dcad000 	C:\WINDOWS\System32\CRYPT32.dll
0x00007ffd35b80000 - 0x00007ffd35cc8000 	C:\WINDOWS\SYSTEM32\drvstore.dll
0x00007ffd3cd10000 - 0x00007ffd3cd1c000 	C:\WINDOWS\SYSTEM32\cryptbase.dll
0x00007ffd3dd60000 - 0x00007ffd3ddc7000 	C:\WINDOWS\System32\WINTRUST.dll
0x00007ffd35d10000 - 0x00007ffd35d4b000 	C:\WINDOWS\SYSTEM32\dxcore.dll
0x00007ffcf0870000 - 0x00007ffcf0b41000 	C:\WINDOWS\system32\nvspcap64.dll
0x00007ffd3ce60000 - 0x00007ffd3cebb000 	C:\WINDOWS\SYSTEM32\WINSTA.dll
0x00007ffd275e0000 - 0x00007ffd276da000 	C:\WINDOWS\SYSTEM32\textinputframework.dll
0x00007ffd16100000 - 0x00007ffd1615e000 	C:\Users\zalan\AppData\Local\Temp\lwjgl_zalan\3.3.3+5\x64\lwjgl_opengl.dll

dbghelp: loaded successfully - version: 4.0.5 - missing functions: none
symbol engine: initialized successfully - sym options: 0x614 - pdb path: .;C:\Users\zalan\.p2\pool\plugins\org.eclipse.justj.openjdk.hotspot.jre.full.win32.x86_64_17.0.8.v20230831-1047\jre\bin;C:\WINDOWS\SYSTEM32;C:\WINDOWS\WinSxS\amd64_microsoft.windows.common-controls_6595b64144ccf1df_6.0.19041.3570_none_60bb2a3971f3e41a;C:\Users\zalan\.p2\pool\plugins\org.eclipse.justj.openjdk.hotspot.jre.full.win32.x86_64_17.0.8.v20230831-1047\jre\bin\server;C:\Users\zalan\AppData\Local\Temp\lwjgl_zalan\3.3.3+5\x64;C:\WINDOWS\System32\DriverStore\FileRepository\nv_dispig.inf_amd64_7e5fd280efaa5445

VM Arguments:
jvm_args: -XX:+ShowCodeDetailsInExceptionMessages -agentlib:jdwp=transport=dt_socket,suspend=y,address=localhost:56842 -javaagent:C:\Users\zalan\eclipse\java-2023-09\eclipse\configuration\org.eclipse.osgi\252\0\.cp\lib\javaagent-shaded.jar -Dfile.encoding=UTF-8 -Dstdout.encoding=UTF-8 -Dstderr.encoding=UTF-8 
java_command: lwjgl.FirstProject
java_class_path (initial): C:\dev\GameEngine\gameengine\target\classes;C:\Users\zalan\.m2\repository\org\lwjgl\lwjgl\3.3.3\lwjgl-3.3.3.jar;C:\Users\zalan\.m2\repository\org\lwjgl\lwjgl-assimp\3.3.3\lwjgl-assimp-3.3.3.jar;C:\Users\zalan\.m2\repository\org\lwjgl\lwjgl-bgfx\3.3.3\lwjgl-bgfx-3.3.3.jar;C:\Users\zalan\.m2\repository\org\lwjgl\lwjgl-cuda\3.3.3\lwjgl-cuda-3.3.3.jar;C:\Users\zalan\.m2\repository\org\lwjgl\lwjgl-egl\3.3.3\lwjgl-egl-3.3.3.jar;C:\Users\zalan\.m2\repository\org\lwjgl\lwjgl-fmod\3.3.3\lwjgl-fmod-3.3.3.jar;C:\Users\zalan\.m2\repository\org\lwjgl\lwjgl-freetype\3.3.3\lwjgl-freetype-3.3.3.jar;C:\Users\zalan\.m2\repository\org\lwjgl\lwjgl-glfw\3.3.3\lwjgl-glfw-3.3.3.jar;C:\Users\zalan\.m2\repository\org\lwjgl\lwjgl-harfbuzz\3.3.3\lwjgl-harfbuzz-3.3.3.jar;C:\Users\zalan\.m2\repository\org\lwjgl\lwjgl-hwloc\3.3.3\lwjgl-hwloc-3.3.3.jar;C:\Users\zalan\.m2\repository\org\lwjgl\lwjgl-jawt\3.3.3\lwjgl-jawt-3.3.3.jar;C:\Users\zalan\.m2\repository\org\lwjgl\lwjgl-jemalloc\3.3.3\lwjgl-jemalloc-3.3.3.jar;C:\Users\zalan\.m2\repository\org\lwjgl\lwjgl-ktx\3.3.3\lwjgl-ktx-3.3.3.jar;C:\Users\zalan\.m2\repository\org\lwjgl\lwjgl-libdivide\3.3.3\lwjgl-libdivide-3.3.3.jar;C:\Users\zalan\.m2\repository\org\lwjgl\lwjgl-llvm\3.3.3\lwjgl-llvm-3.3.3.jar;C:\Users\zalan\.m2\repository\org\lwjgl\lwjgl-lmdb\3.3.3\lwjgl-lmdb-3.3.3.jar;C:\Users\zalan\.m2\repository\org\lwjgl\lwjgl-lz4\3.3.3\lwjgl-lz4-3.3.3.jar;C:\Users\zalan\.m2\repository\org\lwjgl\lwjgl-meow\3.3.3\lwjgl-meow-3.3.3.jar;C:\Users\zalan\.m2\repository\org\lwjgl\lwjgl-meshoptimizer\3.3.3\lwjgl-meshoptimizer-3.3.3.jar;C:\Users\zalan\.m2\repository\org\lwjgl\lwjgl-nanovg\3.3.3\lwjgl-nanovg-3.3.3.jar;C:\Users\zalan\.m2\repository\org\lwjgl\lwjgl-nfd\3.3.3\lwjgl-nfd-3.3.3.jar;C:\Users\zalan\.m2\repository\org\lwjgl\lwjgl-nuklear\3.3.3\lwjgl-nuklear-3.3.3.jar;C:\Users\zalan\.m2\repository\org\lwjgl\lwjgl-odbc\3.3.3\lwjgl-odbc-3.3.3.jar;C:\Users\zalan\.m2\repository\org\lwjgl\lwjgl-openal\3.3.3\lwjgl-openal-3.3.3.jar;C
Launcher Type: SUN_STANDARD

[Global flags]
     intx CICompilerCount                          = 12                                        {product} {ergonomic}
     uint ConcGCThreads                            = 3                                         {product} {ergonomic}
     uint G1ConcRefinementThreads                  = 13                                        {product} {ergonomic}
   size_t G1HeapRegionSize                         = 2097152                                   {product} {ergonomic}
    uintx GCDrainStackTargetSize                   = 64                                        {product} {ergonomic}
   size_t InitialHeapSize                          = 268435456                                 {product} {ergonomic}
   size_t MarkStackSize                            = 4194304                                   {product} {ergonomic}
   size_t MaxHeapSize                              = 4278190080                                {product} {ergonomic}
   size_t MaxNewSize                               = 2566914048                                {product} {ergonomic}
   size_t MinHeapDeltaBytes                        = 2097152                                   {product} {ergonomic}
   size_t MinHeapSize                              = 8388608                                   {product} {ergonomic}
    uintx NonNMethodCodeHeapSize                   = 7602480                                {pd product} {ergonomic}
    uintx NonProfiledCodeHeapSize                  = 122027880                              {pd product} {ergonomic}
    uintx ProfiledCodeHeapSize                     = 122027880                              {pd product} {ergonomic}
    uintx ReservedCodeCacheSize                    = 251658240                              {pd product} {ergonomic}
     bool SegmentedCodeCache                       = true                                      {product} {ergonomic}
     bool ShowCodeDetailsInExceptionMessages       = true                                   {manageable} {command line}
   size_t SoftMaxHeapSize                          = 4278190080                             {manageable} {ergonomic}
     bool UseCompressedClassPointers               = true                           {product lp64_product} {ergonomic}
     bool UseCompressedOops                        = true                           {product lp64_product} {ergonomic}
     bool UseG1GC                                  = true                                      {product} {ergonomic}
     bool UseLargePagesIndividualAllocation        = false                                  {pd product} {ergonomic}

Logging:
Log output configuration:
 #0: stdout all=warning uptime,level,tags
 #1: stderr all=off uptime,level,tags

Environment Variables:
PATH=C:\Users\zalan\.p2\pool\plugins\org.eclipse.justj.openjdk.hotspot.jre.full.win32.x86_64_17.0.8.v20230831-1047\jre\bin;C:/Users/zalan/.p2/pool/plugins/org.eclipse.justj.openjdk.hotspot.jre.full.win32.x86_64_17.0.8.v20230831-1047/jre/bin/server;C:/Users/zalan/.p2/pool/plugins/org.eclipse.justj.openjdk.hotspot.jre.full.win32.x86_64_17.0.8.v20230831-1047/jre/bin;C:\Program Files (x86)\NVIDIA Corporation\PhysX\Common;C:\WINDOWS\system32;C:\WINDOWS;C:\WINDOWS\System32\Wbem;C:\WINDOWS\System32\WindowsPowerShell\v1.0\;C:\WINDOWS\System32\OpenSSH\;C:\Program Files\NVIDIA Corporation\NVIDIA NvDLISR;C:\Users\zalan\AppData\Local\Programs\Python\Python311\Scripts\;C:\Users\zalan\AppData\Local\Programs\Python\Python311\;C:\Users\zalan\AppData\Local\Microsoft\WindowsApps;;C:\Program Files\JetBrains\IntelliJ IDEA Community Edition 2023.1.1\bin;;C:\Users\zalan\OneDrive\Desktop;
USERNAME=zalan
OS=Windows_NT
PROCESSOR_IDENTIFIER=AMD64 Family 23 Model 1 Stepping 1, AuthenticAMD
TMP=C:\Users\zalan\AppData\Local\Temp
TEMP=C:\Users\zalan\AppData\Local\Temp



---------------  S Y S T E M  ---------------

OS:
 Windows 10 , 64 bit Build 19041 (10.0.19041.3570)
OS uptime: 12 days 3:52 hours

CPU: total 16 (initial active 16) (16 cores per cpu, 2 threads per core) family 23 model 1 stepping 1 microcode 0x0, cx8, cmov, fxsr, ht, mmx, 3dnowpref, sse, sse2, sse3, ssse3, sse4a, sse4.1, sse4.2, popcnt, lzcnt, tsc, tscinvbit, avx, avx2, aes, clmul, bmi1, bmi2, adx, sha, fma, vzeroupper, clflush, clflushopt
Processor Information for all 16 processors :
  Max Mhz: 3000, Current Mhz: 3000, Mhz Limit: 3000

Memory: 4k page, system-wide physical 16314M (5547M free)
TotalPageFile size 20823M (AvailPageFile size 3762M)
current process WorkingSet (physical memory assigned to process): 136M, peak: 137M
current process commit charge ("private bytes"): 447M, peak: 448M

vm_info: OpenJDK 64-Bit Server VM (17.0.8.1+1) for windows-amd64 JRE (17.0.8.1+1), built on Aug 23 2023 15:29:17 by "admin" with MS VC++ 16.7 (VS2019)

END.
